<?xml version="1.0" encoding="UTF-8"?>
<coverage generated="1764926458977" clover="3.2.0">
  <project timestamp="1764926458977" name="All files">
    <metrics statements="432" coveredstatements="311" conditionals="166" coveredconditionals="111" methods="224" coveredmethods="155" elements="822" coveredelements="577" complexity="0" loc="432" ncloc="432" packages="5" files="13" classes="13"/>
    <package name="backend">
      <metrics statements="20" coveredstatements="14" conditionals="2" coveredconditionals="1" methods="4" coveredmethods="0"/>
      <file name="backend.js" path="/mnt/c/Users/iamth/Downloads/School/CSC308/CSC_308-309_NULL/backend/backend.js">
        <metrics statements="20" coveredstatements="14" conditionals="2" coveredconditionals="1" methods="4" coveredmethods="0"/>
        <line num="13" count="5" type="stmt"/>
        <line num="14" count="5" type="stmt"/>
        <line num="17" count="5" type="stmt"/>
        <line num="18" count="5" type="stmt"/>
        <line num="19" count="5" type="stmt"/>
        <line num="20" count="5" type="stmt"/>
        <line num="21" count="5" type="stmt"/>
        <line num="22" count="5" type="stmt"/>
        <line num="25" count="5" type="stmt"/>
        <line num="26" count="5" type="stmt"/>
        <line num="29" count="5" type="stmt"/>
        <line num="32" count="5" type="stmt"/>
        <line num="35" count="5" type="cond" truecount="1" falsecount="1"/>
        <line num="36" count="0" type="stmt"/>
        <line num="39" count="0" type="stmt"/>
        <line num="40" count="0" type="stmt"/>
        <line num="41" count="0" type="stmt"/>
        <line num="44" count="0" type="stmt"/>
        <line num="48" count="5" type="stmt"/>
        <line num="49" count="0" type="stmt"/>
      </file>
    </package>
    <package name="backend.ChatFiles">
      <metrics statements="101" coveredstatements="74" conditionals="38" coveredconditionals="25" methods="57" coveredmethods="43"/>
      <file name="ChatRoutes.js" path="/mnt/c/Users/iamth/Downloads/School/CSC308/CSC_308-309_NULL/backend/ChatFiles/ChatRoutes.js">
        <metrics statements="84" coveredstatements="57" conditionals="38" coveredconditionals="25" methods="43" coveredmethods="29"/>
        <line num="4" count="5" type="stmt"/>
        <line num="7" count="5" type="stmt"/>
        <line num="8" count="2" type="stmt"/>
        <line num="11" count="2" type="cond" truecount="3" falsecount="1"/>
        <line num="12" count="2" type="stmt"/>
        <line num="16" count="0" type="stmt"/>
        <line num="22" count="0" type="stmt"/>
        <line num="30" count="5" type="stmt"/>
        <line num="31" count="2" type="stmt"/>
        <line num="34" count="2" type="stmt"/>
        <line num="40" count="0" type="stmt"/>
        <line num="48" count="5" type="stmt"/>
        <line num="49" count="2" type="stmt"/>
        <line num="52" count="2" type="cond" truecount="1" falsecount="1"/>
        <line num="53" count="0" type="stmt"/>
        <line num="57" count="2" type="stmt"/>
        <line num="63" count="0" type="stmt"/>
        <line num="71" count="5" type="stmt"/>
        <line num="72" count="2" type="stmt"/>
        <line num="75" count="2" type="cond" truecount="1" falsecount="1"/>
        <line num="76" count="0" type="stmt"/>
        <line num="80" count="2" type="stmt"/>
        <line num="86" count="0" type="stmt"/>
        <line num="94" count="5" type="stmt"/>
        <line num="95" count="2" type="stmt"/>
        <line num="98" count="2" type="cond" truecount="1" falsecount="1"/>
        <line num="99" count="0" type="stmt"/>
        <line num="103" count="2" type="stmt"/>
        <line num="109" count="0" type="stmt"/>
        <line num="117" count="5" type="stmt"/>
        <line num="118" count="2" type="stmt"/>
        <line num="121" count="2" type="cond" truecount="3" falsecount="1"/>
        <line num="122" count="0" type="stmt"/>
        <line num="126" count="2" type="stmt"/>
        <line num="132" count="0" type="stmt"/>
        <line num="140" count="5" type="stmt"/>
        <line num="141" count="2" type="stmt"/>
        <line num="144" count="2" type="cond" truecount="3" falsecount="1"/>
        <line num="145" count="0" type="stmt"/>
        <line num="149" count="2" type="stmt"/>
        <line num="155" count="0" type="stmt"/>
        <line num="163" count="5" type="stmt"/>
        <line num="164" count="1" type="stmt"/>
        <line num="167" count="1" type="cond" truecount="3" falsecount="1"/>
        <line num="168" count="0" type="stmt"/>
        <line num="172" count="1" type="stmt"/>
        <line num="178" count="0" type="stmt"/>
        <line num="186" count="5" type="stmt"/>
        <line num="187" count="2" type="stmt"/>
        <line num="188" count="1" type="stmt"/>
        <line num="191" count="1" type="cond" truecount="3" falsecount="1"/>
        <line num="192" count="0" type="stmt"/>
        <line num="196" count="1" type="stmt"/>
        <line num="202" count="0" type="stmt"/>
        <line num="210" count="5" type="stmt"/>
        <line num="211" count="1" type="stmt"/>
        <line num="214" count="1" type="cond" truecount="3" falsecount="1"/>
        <line num="215" count="0" type="stmt"/>
        <line num="219" count="1" type="stmt"/>
        <line num="225" count="0" type="stmt"/>
        <line num="233" count="5" type="stmt"/>
        <line num="234" count="2" type="stmt"/>
        <line num="237" count="2" type="cond" truecount="1" falsecount="1"/>
        <line num="238" count="0" type="stmt"/>
        <line num="242" count="2" type="stmt"/>
        <line num="248" count="0" type="stmt"/>
        <line num="256" count="5" type="stmt"/>
        <line num="257" count="2" type="stmt"/>
        <line num="260" count="2" type="cond" truecount="1" falsecount="1"/>
        <line num="261" count="0" type="stmt"/>
        <line num="265" count="2" type="stmt"/>
        <line num="271" count="0" type="stmt"/>
        <line num="279" count="5" type="stmt"/>
        <line num="280" count="2" type="stmt"/>
        <line num="283" count="2" type="cond" truecount="1" falsecount="1"/>
        <line num="284" count="0" type="stmt"/>
        <line num="288" count="2" type="stmt"/>
        <line num="294" count="0" type="stmt"/>
        <line num="302" count="5" type="stmt"/>
        <line num="303" count="2" type="stmt"/>
        <line num="306" count="2" type="cond" truecount="1" falsecount="1"/>
        <line num="307" count="0" type="stmt"/>
        <line num="311" count="2" type="stmt"/>
        <line num="317" count="0" type="stmt"/>
      </file>
      <file name="ChatSchema.js" path="/mnt/c/Users/iamth/Downloads/School/CSC308/CSC_308-309_NULL/backend/ChatFiles/ChatSchema.js">
        <metrics statements="2" coveredstatements="2" conditionals="0" coveredconditionals="0" methods="0" coveredmethods="0"/>
        <line num="3" count="5" type="stmt"/>
        <line num="32" count="5" type="stmt"/>
      </file>
      <file name="ChatServices.js" path="/mnt/c/Users/iamth/Downloads/School/CSC308/CSC_308-309_NULL/backend/ChatFiles/ChatServices.js">
        <metrics statements="15" coveredstatements="15" conditionals="0" coveredconditionals="0" methods="14" coveredmethods="14"/>
        <line num="5" count="2" type="stmt"/>
        <line num="10" count="2" type="stmt"/>
        <line num="11" count="2" type="stmt"/>
        <line num="16" count="2" type="stmt"/>
        <line num="21" count="2" type="stmt"/>
        <line num="31" count="2" type="stmt"/>
        <line num="36" count="2" type="stmt"/>
        <line num="45" count="2" type="stmt"/>
        <line num="50" count="1" type="stmt"/>
        <line num="59" count="1" type="stmt"/>
        <line num="66" count="1" type="stmt"/>
        <line num="75" count="2" type="stmt"/>
        <line num="82" count="2" type="stmt"/>
        <line num="89" count="2" type="stmt"/>
        <line num="100" count="2" type="stmt"/>
      </file>
    </package>
    <package name="backend.CredentialFiles">
      <metrics statements="70" coveredstatements="58" conditionals="32" coveredconditionals="22" methods="29" coveredmethods="23"/>
      <file name="LoginRoutes.js" path="/mnt/c/Users/iamth/Downloads/School/CSC308/CSC_308-309_NULL/backend/CredentialFiles/LoginRoutes.js">
        <metrics statements="47" coveredstatements="35" conditionals="20" coveredconditionals="14" methods="20" coveredmethods="14"/>
        <line num="4" count="5" type="stmt"/>
        <line num="6" count="5" type="stmt"/>
        <line num="7" count="0" type="stmt"/>
        <line num="11" count="5" type="stmt"/>
        <line num="12" count="1" type="stmt"/>
        <line num="15" count="1" type="cond" truecount="3" falsecount="1"/>
        <line num="16" count="1" type="stmt"/>
        <line num="17" count="1" type="stmt"/>
        <line num="20" count="1" type="stmt"/>
        <line num="27" count="5" type="stmt"/>
        <line num="28" count="1" type="stmt"/>
        <line num="31" count="1" type="cond" truecount="1" falsecount="1"/>
        <line num="32" count="0" type="stmt"/>
        <line num="34" count="1" type="stmt"/>
        <line num="38" count="0" type="stmt"/>
        <line num="45" count="5" type="stmt"/>
        <line num="46" count="2" type="stmt"/>
        <line num="48" count="2" type="cond" truecount="3" falsecount="1"/>
        <line num="49" count="0" type="stmt"/>
        <line num="52" count="2" type="stmt"/>
        <line num="53" count="2" type="stmt"/>
        <line num="55" count="2" type="cond" truecount="2" falsecount="0"/>
        <line num="56" count="1" type="stmt"/>
        <line num="59" count="1" type="stmt"/>
        <line num="63" count="0" type="stmt"/>
        <line num="68" count="5" type="stmt"/>
        <line num="69" count="1" type="stmt"/>
        <line num="72" count="1" type="stmt"/>
        <line num="75" count="0" type="stmt"/>
        <line num="82" count="5" type="stmt"/>
        <line num="83" count="1" type="stmt"/>
        <line num="86" count="1" type="cond" truecount="1" falsecount="1"/>
        <line num="87" count="0" type="stmt"/>
        <line num="89" count="1" type="stmt"/>
        <line num="95" count="0" type="stmt"/>
        <line num="102" count="5" type="stmt"/>
        <line num="103" count="1" type="stmt"/>
        <line num="106" count="1" type="cond" truecount="1" falsecount="1"/>
        <line num="107" count="0" type="stmt"/>
        <line num="109" count="1" type="stmt"/>
        <line num="113" count="0" type="stmt"/>
        <line num="120" count="5" type="stmt"/>
        <line num="121" count="1" type="stmt"/>
        <line num="124" count="1" type="cond" truecount="3" falsecount="1"/>
        <line num="125" count="0" type="stmt"/>
        <line num="129" count="1" type="stmt"/>
        <line num="133" count="0" type="stmt"/>
      </file>
      <file name="LoginSchema.js" path="/mnt/c/Users/iamth/Downloads/School/CSC308/CSC_308-309_NULL/backend/CredentialFiles/LoginSchema.js">
        <metrics statements="8" coveredstatements="8" conditionals="2" coveredconditionals="2" methods="2" coveredmethods="2"/>
        <line num="4" count="6" type="stmt"/>
        <line num="22" count="6" type="stmt"/>
        <line num="23" count="17" type="cond" truecount="2" falsecount="0"/>
        <line num="24" count="15" type="stmt"/>
        <line num="25" count="15" type="stmt"/>
        <line num="29" count="6" type="stmt"/>
        <line num="30" count="4" type="stmt"/>
        <line num="33" count="6" type="stmt"/>
      </file>
      <file name="LoginServices.js" path="/mnt/c/Users/iamth/Downloads/School/CSC308/CSC_308-309_NULL/backend/CredentialFiles/LoginServices.js">
        <metrics statements="15" coveredstatements="15" conditionals="10" coveredconditionals="6" methods="7" coveredmethods="7"/>
        <line num="5" count="2" type="stmt"/>
        <line num="10" count="2" type="stmt"/>
        <line num="11" count="2" type="stmt"/>
        <line num="16" count="2" type="stmt"/>
        <line num="21" count="2" type="stmt"/>
        <line num="22" count="2" type="cond" truecount="1" falsecount="1"/>
        <line num="24" count="2" type="cond" truecount="1" falsecount="1"/>
        <line num="25" count="2" type="cond" truecount="1" falsecount="1"/>
        <line num="27" count="2" type="stmt"/>
        <line num="32" count="2" type="stmt"/>
        <line num="37" count="2" type="stmt"/>
        <line num="42" count="4" type="stmt"/>
        <line num="43" count="4" type="cond" truecount="1" falsecount="1"/>
        <line num="45" count="4" type="stmt"/>
        <line num="46" count="4" type="cond" truecount="2" falsecount="0"/>
      </file>
    </package>
    <package name="backend.EventFiles">
      <metrics statements="149" coveredstatements="94" conditionals="56" coveredconditionals="33" methods="82" coveredmethods="50"/>
      <file name="EventRoutes.js" path="/mnt/c/Users/iamth/Downloads/School/CSC308/CSC_308-309_NULL/backend/EventFiles/EventRoutes.js">
        <metrics statements="126" coveredstatements="75" conditionals="56" coveredconditionals="33" methods="62" coveredmethods="34"/>
        <line num="4" count="5" type="stmt"/>
        <line num="7" count="5" type="stmt"/>
        <line num="8" count="1" type="stmt"/>
        <line num="11" count="1" type="cond" truecount="3" falsecount="1"/>
        <line num="12" count="1" type="stmt"/>
        <line num="17" count="0" type="stmt"/>
        <line num="23" count="0" type="stmt"/>
        <line num="31" count="5" type="stmt"/>
        <line num="32" count="1" type="stmt"/>
        <line num="35" count="1" type="cond" truecount="1" falsecount="1"/>
        <line num="36" count="0" type="stmt"/>
        <line num="41" count="1" type="stmt"/>
        <line num="47" count="0" type="stmt"/>
        <line num="54" count="5" type="stmt"/>
        <line num="55" count="1" type="stmt"/>
        <line num="58" count="1" type="stmt"/>
        <line num="64" count="0" type="stmt"/>
        <line num="72" count="5" type="stmt"/>
        <line num="73" count="1" type="stmt"/>
        <line num="76" count="1" type="cond" truecount="1" falsecount="1"/>
        <line num="77" count="0" type="stmt"/>
        <line num="82" count="1" type="stmt"/>
        <line num="88" count="0" type="stmt"/>
        <line num="96" count="5" type="stmt"/>
        <line num="97" count="1" type="stmt"/>
        <line num="100" count="1" type="cond" truecount="1" falsecount="1"/>
        <line num="101" count="0" type="stmt"/>
        <line num="106" count="1" type="stmt"/>
        <line num="112" count="0" type="stmt"/>
        <line num="120" count="5" type="stmt"/>
        <line num="121" count="1" type="stmt"/>
        <line num="124" count="1" type="cond" truecount="3" falsecount="1"/>
        <line num="125" count="0" type="stmt"/>
        <line num="130" count="1" type="stmt"/>
        <line num="136" count="0" type="stmt"/>
        <line num="144" count="5" type="stmt"/>
        <line num="145" count="1" type="stmt"/>
        <line num="148" count="1" type="cond" truecount="3" falsecount="1"/>
        <line num="149" count="0" type="stmt"/>
        <line num="154" count="1" type="stmt"/>
        <line num="160" count="0" type="stmt"/>
        <line num="168" count="5" type="stmt"/>
        <line num="169" count="1" type="stmt"/>
        <line num="172" count="1" type="cond" truecount="3" falsecount="1"/>
        <line num="173" count="0" type="stmt"/>
        <line num="178" count="1" type="stmt"/>
        <line num="184" count="0" type="stmt"/>
        <line num="192" count="5" type="stmt"/>
        <line num="193" count="1" type="stmt"/>
        <line num="196" count="1" type="cond" truecount="3" falsecount="1"/>
        <line num="197" count="0" type="stmt"/>
        <line num="202" count="1" type="stmt"/>
        <line num="208" count="0" type="stmt"/>
        <line num="216" count="5" type="stmt"/>
        <line num="217" count="1" type="stmt"/>
        <line num="220" count="1" type="cond" truecount="3" falsecount="1"/>
        <line num="221" count="0" type="stmt"/>
        <line num="226" count="1" type="stmt"/>
        <line num="232" count="0" type="stmt"/>
        <line num="240" count="5" type="stmt"/>
        <line num="241" count="2" type="stmt"/>
        <line num="243" count="1" type="stmt"/>
        <line num="246" count="1" type="cond" truecount="3" falsecount="1"/>
        <line num="247" count="0" type="stmt"/>
        <line num="252" count="1" type="stmt"/>
        <line num="258" count="0" type="stmt"/>
        <line num="266" count="5" type="stmt"/>
        <line num="267" count="3" type="stmt"/>
        <line num="268" count="1" type="stmt"/>
        <line num="270" count="1" type="stmt"/>
        <line num="273" count="1" type="cond" truecount="3" falsecount="1"/>
        <line num="274" count="0" type="stmt"/>
        <line num="279" count="1" type="stmt"/>
        <line num="285" count="0" type="stmt"/>
        <line num="293" count="5" type="stmt"/>
        <line num="294" count="1" type="stmt"/>
        <line num="296" count="1" type="stmt"/>
        <line num="299" count="1" type="cond" truecount="1" falsecount="1"/>
        <line num="300" count="0" type="stmt"/>
        <line num="305" count="1" type="stmt"/>
        <line num="311" count="0" type="stmt"/>
        <line num="319" count="5" type="stmt"/>
        <line num="320" count="1" type="stmt"/>
        <line num="322" count="1" type="stmt"/>
        <line num="325" count="1" type="cond" truecount="1" falsecount="1"/>
        <line num="326" count="0" type="stmt"/>
        <line num="331" count="1" type="stmt"/>
        <line num="337" count="0" type="stmt"/>
        <line num="345" count="5" type="stmt"/>
        <line num="346" count="1" type="stmt"/>
        <line num="347" count="1" type="stmt"/>
        <line num="349" count="1" type="stmt"/>
        <line num="352" count="1" type="cond" truecount="1" falsecount="1"/>
        <line num="353" count="0" type="stmt"/>
        <line num="358" count="1" type="stmt"/>
        <line num="364" count="0" type="stmt"/>
        <line num="372" count="5" type="stmt"/>
        <line num="373" count="1" type="stmt"/>
        <line num="376" count="1" type="cond" truecount="3" falsecount="1"/>
        <line num="377" count="0" type="stmt"/>
        <line num="382" count="1" type="stmt"/>
        <line num="388" count="0" type="stmt"/>
        <line num="396" count="5" type="stmt"/>
        <line num="397" count="0" type="stmt"/>
        <line num="400" count="0" type="cond" truecount="0" falsecount="2"/>
        <line num="401" count="0" type="stmt"/>
        <line num="406" count="0" type="stmt"/>
        <line num="412" count="0" type="stmt"/>
        <line num="420" count="5" type="stmt"/>
        <line num="421" count="0" type="stmt"/>
        <line num="424" count="0" type="cond" truecount="0" falsecount="2"/>
        <line num="425" count="0" type="stmt"/>
        <line num="430" count="0" type="stmt"/>
        <line num="436" count="0" type="stmt"/>
        <line num="444" count="5" type="stmt"/>
        <line num="445" count="0" type="stmt"/>
        <line num="448" count="0" type="cond" truecount="0" falsecount="2"/>
        <line num="449" count="0" type="stmt"/>
        <line num="454" count="0" type="stmt"/>
        <line num="460" count="0" type="stmt"/>
        <line num="468" count="5" type="stmt"/>
        <line num="469" count="0" type="stmt"/>
        <line num="472" count="0" type="cond" truecount="0" falsecount="2"/>
        <line num="473" count="0" type="stmt"/>
        <line num="478" count="0" type="stmt"/>
        <line num="484" count="0" type="stmt"/>
      </file>
      <file name="EventSchema.js" path="/mnt/c/Users/iamth/Downloads/School/CSC308/CSC_308-309_NULL/backend/EventFiles/EventSchema.js">
        <metrics statements="2" coveredstatements="2" conditionals="0" coveredconditionals="0" methods="0" coveredmethods="0"/>
        <line num="3" count="6" type="stmt"/>
        <line num="67" count="6" type="stmt"/>
      </file>
      <file name="EventServices.js" path="/mnt/c/Users/iamth/Downloads/School/CSC308/CSC_308-309_NULL/backend/EventFiles/EventServices.js">
        <metrics statements="21" coveredstatements="17" conditionals="0" coveredconditionals="0" methods="20" coveredmethods="16"/>
        <line num="5" count="1" type="stmt"/>
        <line num="10" count="2" type="stmt"/>
        <line num="11" count="2" type="stmt"/>
        <line num="16" count="2" type="stmt"/>
        <line num="21" count="2" type="stmt"/>
        <line num="31" count="2" type="stmt"/>
        <line num="36" count="2" type="stmt"/>
        <line num="43" count="1" type="stmt"/>
        <line num="50" count="2" type="stmt"/>
        <line num="57" count="2" type="stmt"/>
        <line num="64" count="2" type="stmt"/>
        <line num="71" count="2" type="stmt"/>
        <line num="78" count="2" type="stmt"/>
        <line num="91" count="1" type="stmt"/>
        <line num="98" count="1" type="stmt"/>
        <line num="105" count="2" type="stmt"/>
        <line num="115" count="2" type="stmt"/>
        <line num="122" count="0" type="stmt"/>
        <line num="133" count="0" type="stmt"/>
        <line num="140" count="0" type="stmt"/>
        <line num="151" count="0" type="stmt"/>
      </file>
    </package>
    <package name="backend.UserFiles">
      <metrics statements="92" coveredstatements="71" conditionals="38" coveredconditionals="30" methods="52" coveredmethods="39"/>
      <file name="UserRoutes.js" path="/mnt/c/Users/iamth/Downloads/School/CSC308/CSC_308-309_NULL/backend/UserFiles/UserRoutes.js">
        <metrics statements="76" coveredstatements="55" conditionals="38" coveredconditionals="30" methods="39" coveredmethods="26"/>
        <line num="4" count="5" type="stmt"/>
        <line num="6" count="5" type="stmt"/>
        <line num="7" count="0" type="stmt"/>
        <line num="11" count="5" type="stmt"/>
        <line num="12" count="1" type="stmt"/>
        <line num="15" count="1" type="cond" truecount="3" falsecount="1"/>
        <line num="16" count="1" type="stmt"/>
        <line num="20" count="0" type="stmt"/>
        <line num="23" count="0" type="stmt"/>
        <line num="31" count="5" type="stmt"/>
        <line num="32" count="2" type="stmt"/>
        <line num="35" count="2" type="cond" truecount="2" falsecount="0"/>
        <line num="36" count="1" type="stmt"/>
        <line num="37" count="1" type="stmt"/>
        <line num="40" count="0" type="stmt"/>
        <line num="48" count="5" type="stmt"/>
        <line num="49" count="1" type="stmt"/>
        <line num="52" count="1" type="stmt"/>
        <line num="55" count="0" type="stmt"/>
        <line num="63" count="5" type="stmt"/>
        <line num="64" count="2" type="stmt"/>
        <line num="67" count="2" type="cond" truecount="2" falsecount="0"/>
        <line num="68" count="1" type="stmt"/>
        <line num="70" count="1" type="stmt"/>
        <line num="75" count="0" type="stmt"/>
        <line num="82" count="5" type="stmt"/>
        <line num="83" count="2" type="stmt"/>
        <line num="86" count="2" type="cond" truecount="2" falsecount="0"/>
        <line num="87" count="1" type="stmt"/>
        <line num="88" count="1" type="stmt"/>
        <line num="91" count="0" type="stmt"/>
        <line num="98" count="5" type="stmt"/>
        <line num="99" count="1" type="stmt"/>
        <line num="102" count="1" type="cond" truecount="3" falsecount="1"/>
        <line num="103" count="0" type="stmt"/>
        <line num="106" count="1" type="stmt"/>
        <line num="109" count="0" type="stmt"/>
        <line num="116" count="5" type="stmt"/>
        <line num="117" count="1" type="stmt"/>
        <line num="120" count="1" type="cond" truecount="3" falsecount="1"/>
        <line num="121" count="0" type="stmt"/>
        <line num="124" count="1" type="stmt"/>
        <line num="127" count="0" type="stmt"/>
        <line num="134" count="5" type="stmt"/>
        <line num="135" count="1" type="stmt"/>
        <line num="138" count="1" type="cond" truecount="3" falsecount="1"/>
        <line num="139" count="0" type="stmt"/>
        <line num="142" count="1" type="stmt"/>
        <line num="145" count="0" type="stmt"/>
        <line num="152" count="5" type="stmt"/>
        <line num="153" count="1" type="stmt"/>
        <line num="156" count="1" type="cond" truecount="3" falsecount="1"/>
        <line num="157" count="0" type="stmt"/>
        <line num="160" count="1" type="stmt"/>
        <line num="163" count="0" type="stmt"/>
        <line num="170" count="5" type="stmt"/>
        <line num="171" count="1" type="stmt"/>
        <line num="172" count="1" type="stmt"/>
        <line num="174" count="1" type="cond" truecount="3" falsecount="1"/>
        <line num="175" count="0" type="stmt"/>
        <line num="179" count="1" type="stmt"/>
        <line num="182" count="0" type="stmt"/>
        <line num="189" count="5" type="stmt"/>
        <line num="190" count="1" type="stmt"/>
        <line num="193" count="1" type="cond" truecount="3" falsecount="1"/>
        <line num="194" count="0" type="stmt"/>
        <line num="197" count="1" type="stmt"/>
        <line num="200" count="0" type="stmt"/>
        <line num="207" count="5" type="stmt"/>
        <line num="208" count="1" type="stmt"/>
        <line num="210" count="3" type="stmt"/>
        <line num="211" count="1" type="stmt"/>
        <line num="214" count="1" type="cond" truecount="3" falsecount="1"/>
        <line num="215" count="0" type="stmt"/>
        <line num="219" count="1" type="stmt"/>
        <line num="222" count="0" type="stmt"/>
      </file>
      <file name="UserSchema.js" path="/mnt/c/Users/iamth/Downloads/School/CSC308/CSC_308-309_NULL/backend/UserFiles/UserSchema.js">
        <metrics statements="2" coveredstatements="2" conditionals="0" coveredconditionals="0" methods="0" coveredmethods="0"/>
        <line num="3" count="6" type="stmt"/>
        <line num="55" count="6" type="stmt"/>
      </file>
      <file name="UserServices.js" path="/mnt/c/Users/iamth/Downloads/School/CSC308/CSC_308-309_NULL/backend/UserFiles/UserServices.js">
        <metrics statements="14" coveredstatements="14" conditionals="0" coveredconditionals="0" methods="13" coveredmethods="13"/>
        <line num="5" count="2" type="stmt"/>
        <line num="10" count="2" type="stmt"/>
        <line num="11" count="2" type="stmt"/>
        <line num="16" count="3" type="stmt"/>
        <line num="21" count="3" type="stmt"/>
        <line num="29" count="3" type="stmt"/>
        <line num="33" count="2" type="stmt"/>
        <line num="37" count="2" type="stmt"/>
        <line num="41" count="1" type="stmt"/>
        <line num="45" count="2" type="stmt"/>
        <line num="49" count="2" type="stmt"/>
        <line num="53" count="2" type="stmt"/>
        <line num="57" count="2" type="stmt"/>
        <line num="61" count="2" type="stmt"/>
      </file>
    </package>
  </project>
</coverage>
