{"/mnt/c/Users/iamth/Downloads/School/CSC308/CSC_308-309_NULL/backend/backend.js": {"path":"/mnt/c/Users/iamth/Downloads/School/CSC308/CSC_308-309_NULL/backend/backend.js","statementMap":{"0":{"start":{"line":13,"column":12},"end":{"line":13,"column":21}},"1":{"start":{"line":14,"column":34},"end":{"line":14,"column":38}},"2":{"start":{"line":17,"column":0},"end":{"line":17,"column":16}},"3":{"start":{"line":18,"column":0},"end":{"line":18,"column":24}},"4":{"start":{"line":19,"column":0},"end":{"line":19,"column":32}},"5":{"start":{"line":20,"column":0},"end":{"line":20,"column":30}},"6":{"start":{"line":21,"column":0},"end":{"line":21,"column":32}},"7":{"start":{"line":22,"column":0},"end":{"line":22,"column":30}},"8":{"start":{"line":25,"column":19},"end":{"line":25,"column":49}},"9":{"start":{"line":26,"column":18},"end":{"line":26,"column":42}},"10":{"start":{"line":29,"column":0},"end":{"line":29,"column":56}},"11":{"start":{"line":32,"column":12},"end":{"line":32,"column":35}},"12":{"start":{"line":35,"column":0},"end":{"line":45,"column":1}},"13":{"start":{"line":36,"column":2},"end":{"line":44,"column":75}},"14":{"start":{"line":39,"column":6},"end":{"line":39,"column":44}},"15":{"start":{"line":40,"column":6},"end":{"line":42,"column":9}},"16":{"start":{"line":41,"column":8},"end":{"line":41,"column":60}},"17":{"start":{"line":44,"column":22},"end":{"line":44,"column":73}},"18":{"start":{"line":48,"column":0},"end":{"line":50,"column":3}},"19":{"start":{"line":49,"column":2},"end":{"line":49,"column":52}}},"fnMap":{"0":{"name":"(anonymous_0)","decl":{"start":{"line":38,"column":10},"end":{"line":38,"column":11}},"loc":{"start":{"line":38,"column":16},"end":{"line":43,"column":5}},"line":38},"1":{"name":"(anonymous_1)","decl":{"start":{"line":40,"column":23},"end":{"line":40,"column":24}},"loc":{"start":{"line":40,"column":29},"end":{"line":42,"column":7}},"line":40},"2":{"name":"(anonymous_2)","decl":{"start":{"line":44,"column":11},"end":{"line":44,"column":12}},"loc":{"start":{"line":44,"column":22},"end":{"line":44,"column":73}},"line":44},"3":{"name":"(anonymous_3)","decl":{"start":{"line":48,"column":13},"end":{"line":48,"column":14}},"loc":{"start":{"line":48,"column":27},"end":{"line":50,"column":1}},"line":48}},"branchMap":{"0":{"loc":{"start":{"line":35,"column":0},"end":{"line":45,"column":1}},"type":"if","locations":[{"start":{"line":35,"column":0},"end":{"line":45,"column":1}},{"start":{},"end":{}}],"line":35}},"s":{"0":5,"1":5,"2":5,"3":5,"4":5,"5":5,"6":5,"7":5,"8":5,"9":5,"10":5,"11":5,"12":5,"13":0,"14":0,"15":0,"16":0,"17":0,"18":5,"19":0},"f":{"0":0,"1":0,"2":0,"3":0},"b":{"0":[0,5]},"_coverageSchema":"1a1c01bbd47fc00a2c39e90264f33305004495a9","hash":"a327c0a0c1eec121eca1ec8a65e8b45b16ec3976"}
,"/mnt/c/Users/iamth/Downloads/School/CSC308/CSC_308-309_NULL/backend/ChatFiles/ChatRoutes.js": {"path":"/mnt/c/Users/iamth/Downloads/School/CSC308/CSC_308-309_NULL/backend/ChatFiles/ChatRoutes.js","statementMap":{"0":{"start":{"line":4,"column":15},"end":{"line":4,"column":31}},"1":{"start":{"line":7,"column":0},"end":{"line":27,"column":3}},"2":{"start":{"line":8,"column":2},"end":{"line":26,"column":7}},"3":{"start":{"line":11,"column":6},"end":{"line":19,"column":9}},"4":{"start":{"line":12,"column":8},"end":{"line":15,"column":11}},"5":{"start":{"line":16,"column":11},"end":{"line":19,"column":9}},"6":{"start":{"line":22,"column":6},"end":{"line":25,"column":9}},"7":{"start":{"line":30,"column":0},"end":{"line":45,"column":3}},"8":{"start":{"line":31,"column":2},"end":{"line":44,"column":7}},"9":{"start":{"line":34,"column":6},"end":{"line":37,"column":9}},"10":{"start":{"line":40,"column":6},"end":{"line":43,"column":9}},"11":{"start":{"line":48,"column":0},"end":{"line":68,"column":3}},"12":{"start":{"line":49,"column":2},"end":{"line":67,"column":7}},"13":{"start":{"line":52,"column":6},"end":{"line":60,"column":9}},"14":{"start":{"line":53,"column":8},"end":{"line":56,"column":11}},"15":{"start":{"line":57,"column":11},"end":{"line":60,"column":9}},"16":{"start":{"line":63,"column":6},"end":{"line":66,"column":9}},"17":{"start":{"line":71,"column":0},"end":{"line":91,"column":3}},"18":{"start":{"line":72,"column":2},"end":{"line":90,"column":7}},"19":{"start":{"line":75,"column":6},"end":{"line":83,"column":9}},"20":{"start":{"line":76,"column":8},"end":{"line":79,"column":11}},"21":{"start":{"line":80,"column":11},"end":{"line":83,"column":9}},"22":{"start":{"line":86,"column":6},"end":{"line":89,"column":9}},"23":{"start":{"line":94,"column":0},"end":{"line":114,"column":3}},"24":{"start":{"line":95,"column":2},"end":{"line":113,"column":7}},"25":{"start":{"line":98,"column":6},"end":{"line":106,"column":9}},"26":{"start":{"line":99,"column":8},"end":{"line":102,"column":11}},"27":{"start":{"line":103,"column":11},"end":{"line":106,"column":9}},"28":{"start":{"line":109,"column":6},"end":{"line":112,"column":9}},"29":{"start":{"line":117,"column":0},"end":{"line":137,"column":3}},"30":{"start":{"line":118,"column":2},"end":{"line":136,"column":7}},"31":{"start":{"line":121,"column":6},"end":{"line":129,"column":9}},"32":{"start":{"line":122,"column":8},"end":{"line":125,"column":11}},"33":{"start":{"line":126,"column":11},"end":{"line":129,"column":9}},"34":{"start":{"line":132,"column":6},"end":{"line":135,"column":9}},"35":{"start":{"line":140,"column":0},"end":{"line":160,"column":3}},"36":{"start":{"line":141,"column":2},"end":{"line":159,"column":7}},"37":{"start":{"line":144,"column":6},"end":{"line":152,"column":9}},"38":{"start":{"line":145,"column":8},"end":{"line":148,"column":11}},"39":{"start":{"line":149,"column":11},"end":{"line":152,"column":9}},"40":{"start":{"line":155,"column":6},"end":{"line":158,"column":9}},"41":{"start":{"line":163,"column":0},"end":{"line":183,"column":3}},"42":{"start":{"line":164,"column":2},"end":{"line":182,"column":7}},"43":{"start":{"line":167,"column":6},"end":{"line":175,"column":9}},"44":{"start":{"line":168,"column":8},"end":{"line":171,"column":11}},"45":{"start":{"line":172,"column":11},"end":{"line":175,"column":9}},"46":{"start":{"line":178,"column":6},"end":{"line":181,"column":9}},"47":{"start":{"line":186,"column":0},"end":{"line":207,"column":3}},"48":{"start":{"line":187,"column":20},"end":{"line":187,"column":70}},"49":{"start":{"line":187,"column":61},"end":{"line":187,"column":69}},"50":{"start":{"line":188,"column":2},"end":{"line":206,"column":7}},"51":{"start":{"line":191,"column":6},"end":{"line":199,"column":9}},"52":{"start":{"line":192,"column":8},"end":{"line":195,"column":11}},"53":{"start":{"line":196,"column":11},"end":{"line":199,"column":9}},"54":{"start":{"line":202,"column":6},"end":{"line":205,"column":9}},"55":{"start":{"line":210,"column":0},"end":{"line":230,"column":3}},"56":{"start":{"line":211,"column":2},"end":{"line":229,"column":7}},"57":{"start":{"line":214,"column":6},"end":{"line":222,"column":9}},"58":{"start":{"line":215,"column":8},"end":{"line":218,"column":11}},"59":{"start":{"line":219,"column":11},"end":{"line":222,"column":9}},"60":{"start":{"line":225,"column":6},"end":{"line":228,"column":9}},"61":{"start":{"line":233,"column":0},"end":{"line":253,"column":3}},"62":{"start":{"line":234,"column":2},"end":{"line":252,"column":7}},"63":{"start":{"line":237,"column":6},"end":{"line":245,"column":9}},"64":{"start":{"line":238,"column":8},"end":{"line":241,"column":11}},"65":{"start":{"line":242,"column":11},"end":{"line":245,"column":9}},"66":{"start":{"line":248,"column":6},"end":{"line":251,"column":9}},"67":{"start":{"line":256,"column":0},"end":{"line":276,"column":3}},"68":{"start":{"line":257,"column":2},"end":{"line":275,"column":7}},"69":{"start":{"line":260,"column":6},"end":{"line":268,"column":9}},"70":{"start":{"line":261,"column":8},"end":{"line":264,"column":11}},"71":{"start":{"line":265,"column":11},"end":{"line":268,"column":9}},"72":{"start":{"line":271,"column":6},"end":{"line":274,"column":9}},"73":{"start":{"line":279,"column":0},"end":{"line":299,"column":3}},"74":{"start":{"line":280,"column":2},"end":{"line":298,"column":7}},"75":{"start":{"line":283,"column":6},"end":{"line":291,"column":9}},"76":{"start":{"line":284,"column":8},"end":{"line":287,"column":11}},"77":{"start":{"line":288,"column":11},"end":{"line":291,"column":9}},"78":{"start":{"line":294,"column":6},"end":{"line":297,"column":9}},"79":{"start":{"line":302,"column":0},"end":{"line":322,"column":3}},"80":{"start":{"line":303,"column":2},"end":{"line":321,"column":7}},"81":{"start":{"line":306,"column":6},"end":{"line":314,"column":9}},"82":{"start":{"line":307,"column":8},"end":{"line":310,"column":11}},"83":{"start":{"line":311,"column":11},"end":{"line":314,"column":9}},"84":{"start":{"line":317,"column":6},"end":{"line":320,"column":9}}},"fnMap":{"0":{"name":"(anonymous_0)","decl":{"start":{"line":7,"column":19},"end":{"line":7,"column":20}},"loc":{"start":{"line":7,"column":39},"end":{"line":27,"column":1}},"line":7},"1":{"name":"(anonymous_1)","decl":{"start":{"line":10,"column":10},"end":{"line":10,"column":11}},"loc":{"start":{"line":10,"column":21},"end":{"line":20,"column":5}},"line":10},"2":{"name":"(anonymous_2)","decl":{"start":{"line":21,"column":11},"end":{"line":21,"column":12}},"loc":{"start":{"line":21,"column":22},"end":{"line":26,"column":5}},"line":21},"3":{"name":"(anonymous_3)","decl":{"start":{"line":30,"column":17},"end":{"line":30,"column":18}},"loc":{"start":{"line":30,"column":37},"end":{"line":45,"column":1}},"line":30},"4":{"name":"(anonymous_4)","decl":{"start":{"line":33,"column":10},"end":{"line":33,"column":11}},"loc":{"start":{"line":33,"column":20},"end":{"line":38,"column":5}},"line":33},"5":{"name":"(anonymous_5)","decl":{"start":{"line":39,"column":11},"end":{"line":39,"column":12}},"loc":{"start":{"line":39,"column":22},"end":{"line":44,"column":5}},"line":39},"6":{"name":"(anonymous_6)","decl":{"start":{"line":48,"column":19},"end":{"line":48,"column":20}},"loc":{"start":{"line":48,"column":39},"end":{"line":68,"column":1}},"line":48},"7":{"name":"(anonymous_7)","decl":{"start":{"line":51,"column":10},"end":{"line":51,"column":11}},"loc":{"start":{"line":51,"column":20},"end":{"line":61,"column":5}},"line":51},"8":{"name":"(anonymous_8)","decl":{"start":{"line":62,"column":11},"end":{"line":62,"column":12}},"loc":{"start":{"line":62,"column":22},"end":{"line":67,"column":5}},"line":62},"9":{"name":"(anonymous_9)","decl":{"start":{"line":71,"column":19},"end":{"line":71,"column":20}},"loc":{"start":{"line":71,"column":39},"end":{"line":91,"column":1}},"line":71},"10":{"name":"(anonymous_10)","decl":{"start":{"line":74,"column":10},"end":{"line":74,"column":11}},"loc":{"start":{"line":74,"column":20},"end":{"line":84,"column":5}},"line":74},"11":{"name":"(anonymous_11)","decl":{"start":{"line":85,"column":11},"end":{"line":85,"column":12}},"loc":{"start":{"line":85,"column":22},"end":{"line":90,"column":5}},"line":85},"12":{"name":"(anonymous_12)","decl":{"start":{"line":94,"column":22},"end":{"line":94,"column":23}},"loc":{"start":{"line":94,"column":42},"end":{"line":114,"column":1}},"line":94},"13":{"name":"(anonymous_13)","decl":{"start":{"line":97,"column":10},"end":{"line":97,"column":11}},"loc":{"start":{"line":97,"column":20},"end":{"line":107,"column":5}},"line":97},"14":{"name":"(anonymous_14)","decl":{"start":{"line":108,"column":11},"end":{"line":108,"column":12}},"loc":{"start":{"line":108,"column":22},"end":{"line":113,"column":5}},"line":108},"15":{"name":"(anonymous_15)","decl":{"start":{"line":117,"column":33},"end":{"line":117,"column":34}},"loc":{"start":{"line":117,"column":53},"end":{"line":137,"column":1}},"line":117},"16":{"name":"(anonymous_16)","decl":{"start":{"line":120,"column":10},"end":{"line":120,"column":11}},"loc":{"start":{"line":120,"column":21},"end":{"line":130,"column":5}},"line":120},"17":{"name":"(anonymous_17)","decl":{"start":{"line":131,"column":11},"end":{"line":131,"column":12}},"loc":{"start":{"line":131,"column":22},"end":{"line":136,"column":5}},"line":131},"18":{"name":"(anonymous_18)","decl":{"start":{"line":140,"column":33},"end":{"line":140,"column":34}},"loc":{"start":{"line":140,"column":53},"end":{"line":160,"column":1}},"line":140},"19":{"name":"(anonymous_19)","decl":{"start":{"line":143,"column":10},"end":{"line":143,"column":11}},"loc":{"start":{"line":143,"column":21},"end":{"line":153,"column":5}},"line":143},"20":{"name":"(anonymous_20)","decl":{"start":{"line":154,"column":11},"end":{"line":154,"column":12}},"loc":{"start":{"line":154,"column":22},"end":{"line":159,"column":5}},"line":154},"21":{"name":"(anonymous_21)","decl":{"start":{"line":163,"column":35},"end":{"line":163,"column":36}},"loc":{"start":{"line":163,"column":55},"end":{"line":183,"column":1}},"line":163},"22":{"name":"(anonymous_22)","decl":{"start":{"line":166,"column":10},"end":{"line":166,"column":11}},"loc":{"start":{"line":166,"column":21},"end":{"line":176,"column":5}},"line":166},"23":{"name":"(anonymous_23)","decl":{"start":{"line":177,"column":11},"end":{"line":177,"column":12}},"loc":{"start":{"line":177,"column":22},"end":{"line":182,"column":5}},"line":177},"24":{"name":"(anonymous_24)","decl":{"start":{"line":186,"column":43},"end":{"line":186,"column":44}},"loc":{"start":{"line":186,"column":63},"end":{"line":207,"column":1}},"line":186},"25":{"name":"(anonymous_25)","decl":{"start":{"line":187,"column":56},"end":{"line":187,"column":57}},"loc":{"start":{"line":187,"column":61},"end":{"line":187,"column":69}},"line":187},"26":{"name":"(anonymous_26)","decl":{"start":{"line":190,"column":10},"end":{"line":190,"column":11}},"loc":{"start":{"line":190,"column":21},"end":{"line":200,"column":5}},"line":190},"27":{"name":"(anonymous_27)","decl":{"start":{"line":201,"column":11},"end":{"line":201,"column":12}},"loc":{"start":{"line":201,"column":22},"end":{"line":206,"column":5}},"line":201},"28":{"name":"(anonymous_28)","decl":{"start":{"line":210,"column":37},"end":{"line":210,"column":38}},"loc":{"start":{"line":210,"column":57},"end":{"line":230,"column":1}},"line":210},"29":{"name":"(anonymous_29)","decl":{"start":{"line":213,"column":10},"end":{"line":213,"column":11}},"loc":{"start":{"line":213,"column":21},"end":{"line":223,"column":5}},"line":213},"30":{"name":"(anonymous_30)","decl":{"start":{"line":224,"column":11},"end":{"line":224,"column":12}},"loc":{"start":{"line":224,"column":22},"end":{"line":229,"column":5}},"line":224},"31":{"name":"(anonymous_31)","decl":{"start":{"line":233,"column":37},"end":{"line":233,"column":38}},"loc":{"start":{"line":233,"column":57},"end":{"line":253,"column":1}},"line":233},"32":{"name":"(anonymous_32)","decl":{"start":{"line":236,"column":10},"end":{"line":236,"column":11}},"loc":{"start":{"line":236,"column":20},"end":{"line":246,"column":5}},"line":236},"33":{"name":"(anonymous_33)","decl":{"start":{"line":247,"column":11},"end":{"line":247,"column":12}},"loc":{"start":{"line":247,"column":22},"end":{"line":252,"column":5}},"line":247},"34":{"name":"(anonymous_34)","decl":{"start":{"line":256,"column":40},"end":{"line":256,"column":41}},"loc":{"start":{"line":256,"column":60},"end":{"line":276,"column":1}},"line":256},"35":{"name":"(anonymous_35)","decl":{"start":{"line":259,"column":10},"end":{"line":259,"column":11}},"loc":{"start":{"line":259,"column":20},"end":{"line":269,"column":5}},"line":259},"36":{"name":"(anonymous_36)","decl":{"start":{"line":270,"column":11},"end":{"line":270,"column":12}},"loc":{"start":{"line":270,"column":22},"end":{"line":275,"column":5}},"line":270},"37":{"name":"(anonymous_37)","decl":{"start":{"line":279,"column":39},"end":{"line":279,"column":40}},"loc":{"start":{"line":279,"column":59},"end":{"line":299,"column":1}},"line":279},"38":{"name":"(anonymous_38)","decl":{"start":{"line":282,"column":10},"end":{"line":282,"column":11}},"loc":{"start":{"line":282,"column":20},"end":{"line":292,"column":5}},"line":282},"39":{"name":"(anonymous_39)","decl":{"start":{"line":293,"column":11},"end":{"line":293,"column":12}},"loc":{"start":{"line":293,"column":22},"end":{"line":298,"column":5}},"line":293},"40":{"name":"(anonymous_40)","decl":{"start":{"line":302,"column":42},"end":{"line":302,"column":43}},"loc":{"start":{"line":302,"column":62},"end":{"line":322,"column":1}},"line":302},"41":{"name":"(anonymous_41)","decl":{"start":{"line":305,"column":10},"end":{"line":305,"column":11}},"loc":{"start":{"line":305,"column":20},"end":{"line":315,"column":5}},"line":305},"42":{"name":"(anonymous_42)","decl":{"start":{"line":316,"column":11},"end":{"line":316,"column":12}},"loc":{"start":{"line":316,"column":22},"end":{"line":321,"column":5}},"line":316}},"branchMap":{"0":{"loc":{"start":{"line":11,"column":6},"end":{"line":19,"column":9}},"type":"if","locations":[{"start":{"line":11,"column":6},"end":{"line":19,"column":9}},{"start":{"line":16,"column":11},"end":{"line":19,"column":9}}],"line":11},"1":{"loc":{"start":{"line":11,"column":10},"end":{"line":11,"column":38}},"type":"binary-expr","locations":[{"start":{"line":11,"column":10},"end":{"line":11,"column":16}},{"start":{"line":11,"column":20},"end":{"line":11,"column":38}}],"line":11},"2":{"loc":{"start":{"line":52,"column":6},"end":{"line":60,"column":9}},"type":"if","locations":[{"start":{"line":52,"column":6},"end":{"line":60,"column":9}},{"start":{"line":57,"column":11},"end":{"line":60,"column":9}}],"line":52},"3":{"loc":{"start":{"line":75,"column":6},"end":{"line":83,"column":9}},"type":"if","locations":[{"start":{"line":75,"column":6},"end":{"line":83,"column":9}},{"start":{"line":80,"column":11},"end":{"line":83,"column":9}}],"line":75},"4":{"loc":{"start":{"line":98,"column":6},"end":{"line":106,"column":9}},"type":"if","locations":[{"start":{"line":98,"column":6},"end":{"line":106,"column":9}},{"start":{"line":103,"column":11},"end":{"line":106,"column":9}}],"line":98},"5":{"loc":{"start":{"line":121,"column":6},"end":{"line":129,"column":9}},"type":"if","locations":[{"start":{"line":121,"column":6},"end":{"line":129,"column":9}},{"start":{"line":126,"column":11},"end":{"line":129,"column":9}}],"line":121},"6":{"loc":{"start":{"line":121,"column":10},"end":{"line":121,"column":38}},"type":"binary-expr","locations":[{"start":{"line":121,"column":10},"end":{"line":121,"column":16}},{"start":{"line":121,"column":20},"end":{"line":121,"column":38}}],"line":121},"7":{"loc":{"start":{"line":144,"column":6},"end":{"line":152,"column":9}},"type":"if","locations":[{"start":{"line":144,"column":6},"end":{"line":152,"column":9}},{"start":{"line":149,"column":11},"end":{"line":152,"column":9}}],"line":144},"8":{"loc":{"start":{"line":144,"column":10},"end":{"line":144,"column":38}},"type":"binary-expr","locations":[{"start":{"line":144,"column":10},"end":{"line":144,"column":16}},{"start":{"line":144,"column":20},"end":{"line":144,"column":38}}],"line":144},"9":{"loc":{"start":{"line":167,"column":6},"end":{"line":175,"column":9}},"type":"if","locations":[{"start":{"line":167,"column":6},"end":{"line":175,"column":9}},{"start":{"line":172,"column":11},"end":{"line":175,"column":9}}],"line":167},"10":{"loc":{"start":{"line":167,"column":10},"end":{"line":167,"column":38}},"type":"binary-expr","locations":[{"start":{"line":167,"column":10},"end":{"line":167,"column":16}},{"start":{"line":167,"column":20},"end":{"line":167,"column":38}}],"line":167},"11":{"loc":{"start":{"line":191,"column":6},"end":{"line":199,"column":9}},"type":"if","locations":[{"start":{"line":191,"column":6},"end":{"line":199,"column":9}},{"start":{"line":196,"column":11},"end":{"line":199,"column":9}}],"line":191},"12":{"loc":{"start":{"line":191,"column":10},"end":{"line":191,"column":38}},"type":"binary-expr","locations":[{"start":{"line":191,"column":10},"end":{"line":191,"column":16}},{"start":{"line":191,"column":20},"end":{"line":191,"column":38}}],"line":191},"13":{"loc":{"start":{"line":214,"column":6},"end":{"line":222,"column":9}},"type":"if","locations":[{"start":{"line":214,"column":6},"end":{"line":222,"column":9}},{"start":{"line":219,"column":11},"end":{"line":222,"column":9}}],"line":214},"14":{"loc":{"start":{"line":214,"column":10},"end":{"line":214,"column":38}},"type":"binary-expr","locations":[{"start":{"line":214,"column":10},"end":{"line":214,"column":16}},{"start":{"line":214,"column":20},"end":{"line":214,"column":38}}],"line":214},"15":{"loc":{"start":{"line":237,"column":6},"end":{"line":245,"column":9}},"type":"if","locations":[{"start":{"line":237,"column":6},"end":{"line":245,"column":9}},{"start":{"line":242,"column":11},"end":{"line":245,"column":9}}],"line":237},"16":{"loc":{"start":{"line":260,"column":6},"end":{"line":268,"column":9}},"type":"if","locations":[{"start":{"line":260,"column":6},"end":{"line":268,"column":9}},{"start":{"line":265,"column":11},"end":{"line":268,"column":9}}],"line":260},"17":{"loc":{"start":{"line":283,"column":6},"end":{"line":291,"column":9}},"type":"if","locations":[{"start":{"line":283,"column":6},"end":{"line":291,"column":9}},{"start":{"line":288,"column":11},"end":{"line":291,"column":9}}],"line":283},"18":{"loc":{"start":{"line":306,"column":6},"end":{"line":314,"column":9}},"type":"if","locations":[{"start":{"line":306,"column":6},"end":{"line":314,"column":9}},{"start":{"line":311,"column":11},"end":{"line":314,"column":9}}],"line":306}},"s":{"0":5,"1":5,"2":2,"3":2,"4":2,"5":0,"6":0,"7":5,"8":2,"9":2,"10":0,"11":5,"12":2,"13":2,"14":0,"15":2,"16":0,"17":5,"18":2,"19":2,"20":0,"21":2,"22":0,"23":5,"24":2,"25":2,"26":0,"27":2,"28":0,"29":5,"30":2,"31":2,"32":0,"33":2,"34":0,"35":5,"36":2,"37":2,"38":0,"39":2,"40":0,"41":5,"42":1,"43":1,"44":0,"45":1,"46":0,"47":5,"48":1,"49":2,"50":1,"51":1,"52":0,"53":1,"54":0,"55":5,"56":1,"57":1,"58":0,"59":1,"60":0,"61":5,"62":2,"63":2,"64":0,"65":2,"66":0,"67":5,"68":2,"69":2,"70":0,"71":2,"72":0,"73":5,"74":2,"75":2,"76":0,"77":2,"78":0,"79":5,"80":2,"81":2,"82":0,"83":2,"84":0},"f":{"0":2,"1":2,"2":0,"3":2,"4":2,"5":0,"6":2,"7":2,"8":0,"9":2,"10":2,"11":0,"12":2,"13":2,"14":0,"15":2,"16":2,"17":0,"18":2,"19":2,"20":0,"21":1,"22":1,"23":0,"24":1,"25":2,"26":1,"27":0,"28":1,"29":1,"30":0,"31":2,"32":2,"33":0,"34":2,"35":2,"36":0,"37":2,"38":2,"39":0,"40":2,"41":2,"42":0},"b":{"0":[2,0],"1":[2,2],"2":[0,2],"3":[0,2],"4":[0,2],"5":[0,2],"6":[2,2],"7":[0,2],"8":[2,2],"9":[0,1],"10":[1,1],"11":[0,1],"12":[1,1],"13":[0,1],"14":[1,1],"15":[0,2],"16":[0,2],"17":[0,2],"18":[0,2]},"_coverageSchema":"1a1c01bbd47fc00a2c39e90264f33305004495a9","hash":"e2c3c3cef27a59dab210320750994334bd65301e"}
,"/mnt/c/Users/iamth/Downloads/School/CSC308/CSC_308-309_NULL/backend/ChatFiles/ChatSchema.js": {"path":"/mnt/c/Users/iamth/Downloads/School/CSC308/CSC_308-309_NULL/backend/ChatFiles/ChatSchema.js","statementMap":{"0":{"start":{"line":3,"column":24},"end":{"line":30,"column":1}},"1":{"start":{"line":32,"column":18},"end":{"line":32,"column":62}}},"fnMap":{},"branchMap":{},"s":{"0":5,"1":5},"f":{},"b":{},"_coverageSchema":"1a1c01bbd47fc00a2c39e90264f33305004495a9","hash":"4d08acd15819f6ecfa4520b8ed0c9210d6a79e19"}
,"/mnt/c/Users/iamth/Downloads/School/CSC308/CSC_308-309_NULL/backend/ChatFiles/ChatServices.js": {"path":"/mnt/c/Users/iamth/Downloads/School/CSC308/CSC_308-309_NULL/backend/ChatFiles/ChatServices.js","statementMap":{"0":{"start":{"line":5,"column":2},"end":{"line":5,"column":53}},"1":{"start":{"line":10,"column":18},"end":{"line":10,"column":37}},"2":{"start":{"line":11,"column":2},"end":{"line":11,"column":24}},"3":{"start":{"line":16,"column":2},"end":{"line":16,"column":41}},"4":{"start":{"line":21,"column":2},"end":{"line":26,"column":32}},"5":{"start":{"line":31,"column":2},"end":{"line":31,"column":59}},"6":{"start":{"line":36,"column":2},"end":{"line":40,"column":32}},"7":{"start":{"line":45,"column":2},"end":{"line":45,"column":67}},"8":{"start":{"line":50,"column":2},"end":{"line":54,"column":32}},"9":{"start":{"line":59,"column":2},"end":{"line":61,"column":32}},"10":{"start":{"line":66,"column":2},"end":{"line":70,"column":32}},"11":{"start":{"line":75,"column":2},"end":{"line":77,"column":32}},"12":{"start":{"line":82,"column":2},"end":{"line":84,"column":32}},"13":{"start":{"line":89,"column":2},"end":{"line":95,"column":32}},"14":{"start":{"line":100,"column":2},"end":{"line":102,"column":32}}},"fnMap":{"0":{"name":"getChats","decl":{"start":{"line":4,"column":9},"end":{"line":4,"column":17}},"loc":{"start":{"line":4,"column":20},"end":{"line":6,"column":1}},"line":4},"1":{"name":"addChat","decl":{"start":{"line":9,"column":9},"end":{"line":9,"column":16}},"loc":{"start":{"line":9,"column":23},"end":{"line":12,"column":1}},"line":9},"2":{"name":"deleteChat","decl":{"start":{"line":15,"column":9},"end":{"line":15,"column":19}},"loc":{"start":{"line":15,"column":24},"end":{"line":17,"column":1}},"line":15},"3":{"name":"updateChat","decl":{"start":{"line":20,"column":9},"end":{"line":20,"column":19}},"loc":{"start":{"line":20,"column":30},"end":{"line":27,"column":1}},"line":20},"4":{"name":"findChatById","decl":{"start":{"line":30,"column":9},"end":{"line":30,"column":21}},"loc":{"start":{"line":30,"column":26},"end":{"line":32,"column":1}},"line":30},"5":{"name":"findChatByName","decl":{"start":{"line":35,"column":9},"end":{"line":35,"column":23}},"loc":{"start":{"line":35,"column":30},"end":{"line":41,"column":1}},"line":35},"6":{"name":"findChatsByCity","decl":{"start":{"line":44,"column":9},"end":{"line":44,"column":24}},"loc":{"start":{"line":44,"column":31},"end":{"line":46,"column":1}},"line":44},"7":{"name":"findChatsByUserID","decl":{"start":{"line":49,"column":9},"end":{"line":49,"column":26}},"loc":{"start":{"line":49,"column":35},"end":{"line":55,"column":1}},"line":49},"8":{"name":"findChatsByInterests","decl":{"start":{"line":58,"column":9},"end":{"line":58,"column":29}},"loc":{"start":{"line":58,"column":41},"end":{"line":62,"column":1}},"line":58},"9":{"name":"findChatsByEvent","decl":{"start":{"line":65,"column":9},"end":{"line":65,"column":25}},"loc":{"start":{"line":65,"column":35},"end":{"line":71,"column":1}},"line":65},"10":{"name":"addUserToChat","decl":{"start":{"line":74,"column":9},"end":{"line":74,"column":22}},"loc":{"start":{"line":74,"column":40},"end":{"line":78,"column":1}},"line":74},"11":{"name":"removeUserFromChat","decl":{"start":{"line":81,"column":9},"end":{"line":81,"column":27}},"loc":{"start":{"line":81,"column":45},"end":{"line":85,"column":1}},"line":81},"12":{"name":"addEventToChat","decl":{"start":{"line":88,"column":9},"end":{"line":88,"column":23}},"loc":{"start":{"line":88,"column":42},"end":{"line":96,"column":1}},"line":88},"13":{"name":"removeEventFromChat","decl":{"start":{"line":99,"column":9},"end":{"line":99,"column":28}},"loc":{"start":{"line":99,"column":47},"end":{"line":103,"column":1}},"line":99}},"branchMap":{},"s":{"0":2,"1":2,"2":2,"3":2,"4":2,"5":2,"6":2,"7":2,"8":1,"9":1,"10":1,"11":2,"12":2,"13":2,"14":2},"f":{"0":2,"1":2,"2":2,"3":2,"4":2,"5":2,"6":2,"7":1,"8":1,"9":1,"10":2,"11":2,"12":2,"13":2},"b":{},"_coverageSchema":"1a1c01bbd47fc00a2c39e90264f33305004495a9","hash":"a5d2e9d7e7c7fa4aedfd8d17d47c4296fed38681"}
,"/mnt/c/Users/iamth/Downloads/School/CSC308/CSC_308-309_NULL/backend/CredentialFiles/LoginRoutes.js": {"path":"/mnt/c/Users/iamth/Downloads/School/CSC308/CSC_308-309_NULL/backend/CredentialFiles/LoginRoutes.js","statementMap":{"0":{"start":{"line":4,"column":15},"end":{"line":4,"column":31}},"1":{"start":{"line":6,"column":0},"end":{"line":8,"column":3}},"2":{"start":{"line":7,"column":2},"end":{"line":7,"column":48}},"3":{"start":{"line":11,"column":0},"end":{"line":24,"column":3}},"4":{"start":{"line":12,"column":2},"end":{"line":23,"column":7}},"5":{"start":{"line":15,"column":6},"end":{"line":16,"column":77}},"6":{"start":{"line":16,"column":8},"end":{"line":16,"column":77}},"7":{"start":{"line":17,"column":6},"end":{"line":17,"column":60}},"8":{"start":{"line":20,"column":6},"end":{"line":22,"column":76}},"9":{"start":{"line":27,"column":0},"end":{"line":42,"column":3}},"10":{"start":{"line":28,"column":2},"end":{"line":41,"column":7}},"11":{"start":{"line":31,"column":6},"end":{"line":35,"column":7}},"12":{"start":{"line":32,"column":8},"end":{"line":32,"column":77}},"13":{"start":{"line":34,"column":8},"end":{"line":34,"column":61}},"14":{"start":{"line":38,"column":6},"end":{"line":40,"column":76}},"15":{"start":{"line":45,"column":0},"end":{"line":65,"column":3}},"16":{"start":{"line":46,"column":30},"end":{"line":46,"column":38}},"17":{"start":{"line":48,"column":2},"end":{"line":51,"column":72}},"18":{"start":{"line":49,"column":4},"end":{"line":51,"column":72}},"19":{"start":{"line":52,"column":2},"end":{"line":64,"column":3}},"20":{"start":{"line":53,"column":17},"end":{"line":53,"column":66}},"21":{"start":{"line":55,"column":4},"end":{"line":58,"column":72}},"22":{"start":{"line":56,"column":6},"end":{"line":58,"column":72}},"23":{"start":{"line":59,"column":4},"end":{"line":61,"column":78}},"24":{"start":{"line":63,"column":4},"end":{"line":63,"column":67}},"25":{"start":{"line":68,"column":0},"end":{"line":79,"column":3}},"26":{"start":{"line":69,"column":2},"end":{"line":78,"column":7}},"27":{"start":{"line":72,"column":6},"end":{"line":72,"column":59}},"28":{"start":{"line":75,"column":6},"end":{"line":77,"column":76}},"29":{"start":{"line":82,"column":0},"end":{"line":99,"column":3}},"30":{"start":{"line":83,"column":2},"end":{"line":98,"column":7}},"31":{"start":{"line":86,"column":6},"end":{"line":92,"column":7}},"32":{"start":{"line":87,"column":8},"end":{"line":87,"column":77}},"33":{"start":{"line":89,"column":8},"end":{"line":91,"column":74}},"34":{"start":{"line":95,"column":6},"end":{"line":97,"column":76}},"35":{"start":{"line":102,"column":0},"end":{"line":117,"column":3}},"36":{"start":{"line":103,"column":2},"end":{"line":116,"column":7}},"37":{"start":{"line":106,"column":6},"end":{"line":110,"column":7}},"38":{"start":{"line":107,"column":8},"end":{"line":107,"column":77}},"39":{"start":{"line":109,"column":8},"end":{"line":109,"column":61}},"40":{"start":{"line":113,"column":6},"end":{"line":115,"column":76}},"41":{"start":{"line":120,"column":0},"end":{"line":137,"column":3}},"42":{"start":{"line":121,"column":2},"end":{"line":136,"column":7}},"43":{"start":{"line":124,"column":6},"end":{"line":130,"column":7}},"44":{"start":{"line":125,"column":8},"end":{"line":127,"column":80}},"45":{"start":{"line":129,"column":8},"end":{"line":129,"column":61}},"46":{"start":{"line":133,"column":6},"end":{"line":135,"column":76}}},"fnMap":{"0":{"name":"(anonymous_0)","decl":{"start":{"line":6,"column":16},"end":{"line":6,"column":17}},"loc":{"start":{"line":6,"column":30},"end":{"line":8,"column":1}},"line":6},"1":{"name":"(anonymous_1)","decl":{"start":{"line":11,"column":19},"end":{"line":11,"column":20}},"loc":{"start":{"line":11,"column":39},"end":{"line":24,"column":1}},"line":11},"2":{"name":"(anonymous_2)","decl":{"start":{"line":14,"column":10},"end":{"line":14,"column":11}},"loc":{"start":{"line":14,"column":22},"end":{"line":18,"column":5}},"line":14},"3":{"name":"(anonymous_3)","decl":{"start":{"line":19,"column":11},"end":{"line":19,"column":12}},"loc":{"start":{"line":19,"column":22},"end":{"line":23,"column":5}},"line":19},"4":{"name":"(anonymous_4)","decl":{"start":{"line":27,"column":19},"end":{"line":27,"column":20}},"loc":{"start":{"line":27,"column":39},"end":{"line":42,"column":1}},"line":27},"5":{"name":"(anonymous_5)","decl":{"start":{"line":30,"column":10},"end":{"line":30,"column":11}},"loc":{"start":{"line":30,"column":21},"end":{"line":36,"column":5}},"line":30},"6":{"name":"(anonymous_6)","decl":{"start":{"line":37,"column":11},"end":{"line":37,"column":12}},"loc":{"start":{"line":37,"column":22},"end":{"line":41,"column":5}},"line":37},"7":{"name":"(anonymous_7)","decl":{"start":{"line":45,"column":22},"end":{"line":45,"column":23}},"loc":{"start":{"line":45,"column":42},"end":{"line":65,"column":1}},"line":45},"8":{"name":"(anonymous_8)","decl":{"start":{"line":68,"column":17},"end":{"line":68,"column":18}},"loc":{"start":{"line":68,"column":37},"end":{"line":79,"column":1}},"line":68},"9":{"name":"(anonymous_9)","decl":{"start":{"line":71,"column":10},"end":{"line":71,"column":11}},"loc":{"start":{"line":71,"column":21},"end":{"line":73,"column":5}},"line":71},"10":{"name":"(anonymous_10)","decl":{"start":{"line":74,"column":11},"end":{"line":74,"column":12}},"loc":{"start":{"line":74,"column":22},"end":{"line":78,"column":5}},"line":74},"11":{"name":"(anonymous_11)","decl":{"start":{"line":82,"column":22},"end":{"line":82,"column":23}},"loc":{"start":{"line":82,"column":42},"end":{"line":99,"column":1}},"line":82},"12":{"name":"(anonymous_12)","decl":{"start":{"line":85,"column":10},"end":{"line":85,"column":11}},"loc":{"start":{"line":85,"column":28},"end":{"line":93,"column":5}},"line":85},"13":{"name":"(anonymous_13)","decl":{"start":{"line":94,"column":11},"end":{"line":94,"column":12}},"loc":{"start":{"line":94,"column":22},"end":{"line":98,"column":5}},"line":94},"14":{"name":"(anonymous_14)","decl":{"start":{"line":102,"column":19},"end":{"line":102,"column":20}},"loc":{"start":{"line":102,"column":39},"end":{"line":117,"column":1}},"line":102},"15":{"name":"(anonymous_15)","decl":{"start":{"line":105,"column":10},"end":{"line":105,"column":11}},"loc":{"start":{"line":105,"column":21},"end":{"line":111,"column":5}},"line":105},"16":{"name":"(anonymous_16)","decl":{"start":{"line":112,"column":11},"end":{"line":112,"column":12}},"loc":{"start":{"line":112,"column":22},"end":{"line":116,"column":5}},"line":112},"17":{"name":"(anonymous_17)","decl":{"start":{"line":120,"column":35},"end":{"line":120,"column":36}},"loc":{"start":{"line":120,"column":55},"end":{"line":137,"column":1}},"line":120},"18":{"name":"(anonymous_18)","decl":{"start":{"line":123,"column":10},"end":{"line":123,"column":11}},"loc":{"start":{"line":123,"column":21},"end":{"line":131,"column":5}},"line":123},"19":{"name":"(anonymous_19)","decl":{"start":{"line":132,"column":11},"end":{"line":132,"column":12}},"loc":{"start":{"line":132,"column":22},"end":{"line":136,"column":5}},"line":132}},"branchMap":{"0":{"loc":{"start":{"line":15,"column":6},"end":{"line":16,"column":77}},"type":"if","locations":[{"start":{"line":15,"column":6},"end":{"line":16,"column":77}},{"start":{},"end":{}}],"line":15},"1":{"loc":{"start":{"line":15,"column":10},"end":{"line":15,"column":40}},"type":"binary-expr","locations":[{"start":{"line":15,"column":10},"end":{"line":15,"column":17}},{"start":{"line":15,"column":21},"end":{"line":15,"column":40}}],"line":15},"2":{"loc":{"start":{"line":31,"column":6},"end":{"line":35,"column":7}},"type":"if","locations":[{"start":{"line":31,"column":6},"end":{"line":35,"column":7}},{"start":{"line":33,"column":13},"end":{"line":35,"column":7}}],"line":31},"3":{"loc":{"start":{"line":48,"column":2},"end":{"line":51,"column":72}},"type":"if","locations":[{"start":{"line":48,"column":2},"end":{"line":51,"column":72}},{"start":{},"end":{}}],"line":48},"4":{"loc":{"start":{"line":48,"column":6},"end":{"line":48,"column":25}},"type":"binary-expr","locations":[{"start":{"line":48,"column":6},"end":{"line":48,"column":12}},{"start":{"line":48,"column":16},"end":{"line":48,"column":25}}],"line":48},"5":{"loc":{"start":{"line":55,"column":4},"end":{"line":58,"column":72}},"type":"if","locations":[{"start":{"line":55,"column":4},"end":{"line":58,"column":72}},{"start":{},"end":{}}],"line":55},"6":{"loc":{"start":{"line":86,"column":6},"end":{"line":92,"column":7}},"type":"if","locations":[{"start":{"line":86,"column":6},"end":{"line":92,"column":7}},{"start":{"line":88,"column":13},"end":{"line":92,"column":7}}],"line":86},"7":{"loc":{"start":{"line":106,"column":6},"end":{"line":110,"column":7}},"type":"if","locations":[{"start":{"line":106,"column":6},"end":{"line":110,"column":7}},{"start":{"line":108,"column":13},"end":{"line":110,"column":7}}],"line":106},"8":{"loc":{"start":{"line":124,"column":6},"end":{"line":130,"column":7}},"type":"if","locations":[{"start":{"line":124,"column":6},"end":{"line":130,"column":7}},{"start":{"line":128,"column":13},"end":{"line":130,"column":7}}],"line":124},"9":{"loc":{"start":{"line":124,"column":10},"end":{"line":124,"column":38}},"type":"binary-expr","locations":[{"start":{"line":124,"column":10},"end":{"line":124,"column":16}},{"start":{"line":124,"column":20},"end":{"line":124,"column":38}}],"line":124}},"s":{"0":5,"1":5,"2":0,"3":5,"4":1,"5":1,"6":1,"7":1,"8":1,"9":5,"10":1,"11":1,"12":0,"13":1,"14":0,"15":5,"16":2,"17":2,"18":0,"19":2,"20":2,"21":2,"22":1,"23":1,"24":0,"25":5,"26":1,"27":1,"28":0,"29":5,"30":1,"31":1,"32":0,"33":1,"34":0,"35":5,"36":1,"37":1,"38":0,"39":1,"40":0,"41":5,"42":1,"43":1,"44":0,"45":1,"46":0},"f":{"0":0,"1":1,"2":1,"3":1,"4":1,"5":1,"6":0,"7":2,"8":1,"9":1,"10":0,"11":1,"12":1,"13":0,"14":1,"15":1,"16":0,"17":1,"18":1,"19":0},"b":{"0":[1,0],"1":[1,1],"2":[0,1],"3":[0,2],"4":[2,2],"5":[1,1],"6":[0,1],"7":[0,1],"8":[0,1],"9":[1,1]},"_coverageSchema":"1a1c01bbd47fc00a2c39e90264f33305004495a9","hash":"f2b225a0438908106defb72f9a0ee6fc131ea059"}
,"/mnt/c/Users/iamth/Downloads/School/CSC308/CSC_308-309_NULL/backend/CredentialFiles/LoginSchema.js": {"path":"/mnt/c/Users/iamth/Downloads/School/CSC308/CSC_308-309_NULL/backend/CredentialFiles/LoginSchema.js","statementMap":{"0":{"start":{"line":4,"column":24},"end":{"line":19,"column":1}},"1":{"start":{"line":22,"column":0},"end":{"line":26,"column":3}},"2":{"start":{"line":23,"column":2},"end":{"line":23,"column":50}},"3":{"start":{"line":23,"column":36},"end":{"line":23,"column":50}},"4":{"start":{"line":24,"column":2},"end":{"line":24,"column":55}},"5":{"start":{"line":25,"column":2},"end":{"line":25,"column":9}},"6":{"start":{"line":29,"column":0},"end":{"line":31,"column":2}},"7":{"start":{"line":30,"column":2},"end":{"line":30,"column":49}},"8":{"start":{"line":33,"column":18},"end":{"line":33,"column":62}}},"fnMap":{"0":{"name":"(anonymous_0)","decl":{"start":{"line":22,"column":28},"end":{"line":22,"column":29}},"loc":{"start":{"line":22,"column":50},"end":{"line":26,"column":1}},"line":22},"1":{"name":"(anonymous_1)","decl":{"start":{"line":29,"column":42},"end":{"line":29,"column":43}},"loc":{"start":{"line":29,"column":62},"end":{"line":31,"column":1}},"line":29}},"branchMap":{"0":{"loc":{"start":{"line":23,"column":2},"end":{"line":23,"column":50}},"type":"if","locations":[{"start":{"line":23,"column":2},"end":{"line":23,"column":50}},{"start":{},"end":{}}],"line":23}},"s":{"0":6,"1":6,"2":17,"3":2,"4":15,"5":15,"6":6,"7":4,"8":6},"f":{"0":17,"1":4},"b":{"0":[2,15]},"_coverageSchema":"1a1c01bbd47fc00a2c39e90264f33305004495a9","hash":"ea6b69707dc31b84243916e953d337bd8c887286"}
,"/mnt/c/Users/iamth/Downloads/School/CSC308/CSC_308-309_NULL/backend/CredentialFiles/LoginServices.js": {"path":"/mnt/c/Users/iamth/Downloads/School/CSC308/CSC_308-309_NULL/backend/CredentialFiles/LoginServices.js","statementMap":{"0":{"start":{"line":5,"column":2},"end":{"line":5,"column":27}},"1":{"start":{"line":10,"column":19},"end":{"line":10,"column":40}},"2":{"start":{"line":11,"column":2},"end":{"line":11,"column":25}},"3":{"start":{"line":16,"column":2},"end":{"line":16,"column":42}},"4":{"start":{"line":21,"column":15},"end":{"line":21,"column":44}},"5":{"start":{"line":22,"column":2},"end":{"line":22,"column":25}},"6":{"start":{"line":22,"column":13},"end":{"line":22,"column":25}},"7":{"start":{"line":24,"column":2},"end":{"line":24,"column":52}},"8":{"start":{"line":24,"column":23},"end":{"line":24,"column":52}},"9":{"start":{"line":25,"column":2},"end":{"line":25,"column":61}},"10":{"start":{"line":25,"column":26},"end":{"line":25,"column":61}},"11":{"start":{"line":27,"column":2},"end":{"line":27,"column":21}},"12":{"start":{"line":32,"column":2},"end":{"line":32,"column":46}},"13":{"start":{"line":37,"column":2},"end":{"line":37,"column":33}},"14":{"start":{"line":42,"column":15},"end":{"line":42,"column":50}},"15":{"start":{"line":43,"column":2},"end":{"line":43,"column":25}},"16":{"start":{"line":43,"column":13},"end":{"line":43,"column":25}},"17":{"start":{"line":45,"column":16},"end":{"line":45,"column":52}},"18":{"start":{"line":46,"column":2},"end":{"line":46,"column":29}}},"fnMap":{"0":{"name":"getLogins","decl":{"start":{"line":4,"column":9},"end":{"line":4,"column":18}},"loc":{"start":{"line":4,"column":21},"end":{"line":6,"column":1}},"line":4},"1":{"name":"addLogin","decl":{"start":{"line":9,"column":9},"end":{"line":9,"column":17}},"loc":{"start":{"line":9,"column":25},"end":{"line":12,"column":1}},"line":9},"2":{"name":"deleteLogin","decl":{"start":{"line":15,"column":9},"end":{"line":15,"column":20}},"loc":{"start":{"line":15,"column":25},"end":{"line":17,"column":1}},"line":15},"3":{"name":"updateLogin","decl":{"start":{"line":20,"column":15},"end":{"line":20,"column":26}},"loc":{"start":{"line":20,"column":42},"end":{"line":28,"column":1}},"line":20},"4":{"name":"findLoginByEmail","decl":{"start":{"line":31,"column":9},"end":{"line":31,"column":25}},"loc":{"start":{"line":31,"column":33},"end":{"line":33,"column":1}},"line":31},"5":{"name":"findLoginById","decl":{"start":{"line":36,"column":9},"end":{"line":36,"column":22}},"loc":{"start":{"line":36,"column":27},"end":{"line":38,"column":1}},"line":36},"6":{"name":"authenticate","decl":{"start":{"line":41,"column":15},"end":{"line":41,"column":27}},"loc":{"start":{"line":41,"column":45},"end":{"line":47,"column":1}},"line":41}},"branchMap":{"0":{"loc":{"start":{"line":22,"column":2},"end":{"line":22,"column":25}},"type":"if","locations":[{"start":{"line":22,"column":2},"end":{"line":22,"column":25}},{"start":{},"end":{}}],"line":22},"1":{"loc":{"start":{"line":24,"column":2},"end":{"line":24,"column":52}},"type":"if","locations":[{"start":{"line":24,"column":2},"end":{"line":24,"column":52}},{"start":{},"end":{}}],"line":24},"2":{"loc":{"start":{"line":25,"column":2},"end":{"line":25,"column":61}},"type":"if","locations":[{"start":{"line":25,"column":2},"end":{"line":25,"column":61}},{"start":{},"end":{}}],"line":25},"3":{"loc":{"start":{"line":43,"column":2},"end":{"line":43,"column":25}},"type":"if","locations":[{"start":{"line":43,"column":2},"end":{"line":43,"column":25}},{"start":{},"end":{}}],"line":43},"4":{"loc":{"start":{"line":46,"column":9},"end":{"line":46,"column":28}},"type":"cond-expr","locations":[{"start":{"line":46,"column":17},"end":{"line":46,"column":21}},{"start":{"line":46,"column":24},"end":{"line":46,"column":28}}],"line":46}},"s":{"0":2,"1":2,"2":2,"3":2,"4":2,"5":2,"6":0,"7":2,"8":2,"9":2,"10":0,"11":2,"12":2,"13":2,"14":4,"15":4,"16":0,"17":4,"18":4},"f":{"0":2,"1":2,"2":2,"3":2,"4":2,"5":2,"6":4},"b":{"0":[0,2],"1":[2,0],"2":[0,2],"3":[0,4],"4":[2,2]},"_coverageSchema":"1a1c01bbd47fc00a2c39e90264f33305004495a9","hash":"d6b4e601edddf7d66cc43a14abf131a3b4a5649f"}
,"/mnt/c/Users/iamth/Downloads/School/CSC308/CSC_308-309_NULL/backend/EventFiles/EventRoutes.js": {"path":"/mnt/c/Users/iamth/Downloads/School/CSC308/CSC_308-309_NULL/backend/EventFiles/EventRoutes.js","statementMap":{"0":{"start":{"line":4,"column":15},"end":{"line":4,"column":31}},"1":{"start":{"line":7,"column":0},"end":{"line":28,"column":3}},"2":{"start":{"line":8,"column":2},"end":{"line":27,"column":7}},"3":{"start":{"line":11,"column":6},"end":{"line":20,"column":11}},"4":{"start":{"line":12,"column":8},"end":{"line":15,"column":11}},"5":{"start":{"line":17,"column":8},"end":{"line":20,"column":11}},"6":{"start":{"line":23,"column":6},"end":{"line":26,"column":9}},"7":{"start":{"line":31,"column":0},"end":{"line":51,"column":3}},"8":{"start":{"line":32,"column":2},"end":{"line":50,"column":7}},"9":{"start":{"line":35,"column":6},"end":{"line":44,"column":11}},"10":{"start":{"line":36,"column":8},"end":{"line":39,"column":11}},"11":{"start":{"line":41,"column":8},"end":{"line":44,"column":11}},"12":{"start":{"line":47,"column":6},"end":{"line":49,"column":76}},"13":{"start":{"line":54,"column":0},"end":{"line":69,"column":3}},"14":{"start":{"line":55,"column":2},"end":{"line":68,"column":7}},"15":{"start":{"line":58,"column":6},"end":{"line":61,"column":9}},"16":{"start":{"line":64,"column":6},"end":{"line":67,"column":9}},"17":{"start":{"line":72,"column":0},"end":{"line":93,"column":3}},"18":{"start":{"line":73,"column":2},"end":{"line":92,"column":7}},"19":{"start":{"line":76,"column":6},"end":{"line":85,"column":11}},"20":{"start":{"line":77,"column":8},"end":{"line":80,"column":11}},"21":{"start":{"line":82,"column":8},"end":{"line":85,"column":11}},"22":{"start":{"line":88,"column":6},"end":{"line":91,"column":9}},"23":{"start":{"line":96,"column":0},"end":{"line":117,"column":3}},"24":{"start":{"line":97,"column":2},"end":{"line":116,"column":7}},"25":{"start":{"line":100,"column":6},"end":{"line":109,"column":11}},"26":{"start":{"line":101,"column":8},"end":{"line":104,"column":11}},"27":{"start":{"line":106,"column":8},"end":{"line":109,"column":11}},"28":{"start":{"line":112,"column":6},"end":{"line":115,"column":9}},"29":{"start":{"line":120,"column":0},"end":{"line":141,"column":3}},"30":{"start":{"line":121,"column":2},"end":{"line":140,"column":7}},"31":{"start":{"line":124,"column":6},"end":{"line":133,"column":11}},"32":{"start":{"line":125,"column":8},"end":{"line":128,"column":11}},"33":{"start":{"line":130,"column":8},"end":{"line":133,"column":11}},"34":{"start":{"line":136,"column":6},"end":{"line":139,"column":9}},"35":{"start":{"line":144,"column":0},"end":{"line":165,"column":3}},"36":{"start":{"line":145,"column":2},"end":{"line":164,"column":7}},"37":{"start":{"line":148,"column":6},"end":{"line":157,"column":11}},"38":{"start":{"line":149,"column":8},"end":{"line":152,"column":11}},"39":{"start":{"line":154,"column":8},"end":{"line":157,"column":11}},"40":{"start":{"line":160,"column":6},"end":{"line":163,"column":9}},"41":{"start":{"line":168,"column":0},"end":{"line":189,"column":3}},"42":{"start":{"line":169,"column":2},"end":{"line":188,"column":7}},"43":{"start":{"line":172,"column":6},"end":{"line":181,"column":11}},"44":{"start":{"line":173,"column":8},"end":{"line":176,"column":11}},"45":{"start":{"line":178,"column":8},"end":{"line":181,"column":11}},"46":{"start":{"line":184,"column":6},"end":{"line":187,"column":9}},"47":{"start":{"line":192,"column":0},"end":{"line":213,"column":3}},"48":{"start":{"line":193,"column":2},"end":{"line":212,"column":7}},"49":{"start":{"line":196,"column":6},"end":{"line":205,"column":11}},"50":{"start":{"line":197,"column":8},"end":{"line":200,"column":11}},"51":{"start":{"line":202,"column":8},"end":{"line":205,"column":11}},"52":{"start":{"line":208,"column":6},"end":{"line":211,"column":9}},"53":{"start":{"line":216,"column":0},"end":{"line":237,"column":3}},"54":{"start":{"line":217,"column":2},"end":{"line":236,"column":7}},"55":{"start":{"line":220,"column":6},"end":{"line":229,"column":11}},"56":{"start":{"line":221,"column":8},"end":{"line":224,"column":11}},"57":{"start":{"line":226,"column":8},"end":{"line":229,"column":11}},"58":{"start":{"line":232,"column":6},"end":{"line":235,"column":9}},"59":{"start":{"line":240,"column":0},"end":{"line":263,"column":3}},"60":{"start":{"line":241,"column":20},"end":{"line":241,"column":72}},"61":{"start":{"line":241,"column":63},"end":{"line":241,"column":71}},"62":{"start":{"line":243,"column":2},"end":{"line":262,"column":7}},"63":{"start":{"line":246,"column":6},"end":{"line":255,"column":11}},"64":{"start":{"line":247,"column":8},"end":{"line":250,"column":11}},"65":{"start":{"line":252,"column":8},"end":{"line":255,"column":11}},"66":{"start":{"line":258,"column":6},"end":{"line":261,"column":9}},"67":{"start":{"line":266,"column":0},"end":{"line":290,"column":3}},"68":{"start":{"line":267,"column":14},"end":{"line":267,"column":77}},"69":{"start":{"line":267,"column":56},"end":{"line":267,"column":76}},"70":{"start":{"line":268,"column":40},"end":{"line":268,"column":43}},"71":{"start":{"line":270,"column":2},"end":{"line":289,"column":7}},"72":{"start":{"line":273,"column":6},"end":{"line":282,"column":11}},"73":{"start":{"line":274,"column":8},"end":{"line":277,"column":11}},"74":{"start":{"line":279,"column":8},"end":{"line":282,"column":11}},"75":{"start":{"line":285,"column":6},"end":{"line":288,"column":9}},"76":{"start":{"line":293,"column":0},"end":{"line":316,"column":3}},"77":{"start":{"line":294,"column":16},"end":{"line":294,"column":42}},"78":{"start":{"line":296,"column":2},"end":{"line":315,"column":7}},"79":{"start":{"line":299,"column":6},"end":{"line":308,"column":11}},"80":{"start":{"line":300,"column":8},"end":{"line":303,"column":11}},"81":{"start":{"line":305,"column":8},"end":{"line":308,"column":11}},"82":{"start":{"line":311,"column":6},"end":{"line":314,"column":9}},"83":{"start":{"line":319,"column":0},"end":{"line":342,"column":3}},"84":{"start":{"line":320,"column":14},"end":{"line":320,"column":38}},"85":{"start":{"line":322,"column":2},"end":{"line":341,"column":7}},"86":{"start":{"line":325,"column":6},"end":{"line":334,"column":11}},"87":{"start":{"line":326,"column":8},"end":{"line":329,"column":11}},"88":{"start":{"line":331,"column":8},"end":{"line":334,"column":11}},"89":{"start":{"line":337,"column":6},"end":{"line":340,"column":9}},"90":{"start":{"line":345,"column":0},"end":{"line":369,"column":3}},"91":{"start":{"line":346,"column":16},"end":{"line":346,"column":42}},"92":{"start":{"line":347,"column":14},"end":{"line":347,"column":38}},"93":{"start":{"line":349,"column":2},"end":{"line":368,"column":7}},"94":{"start":{"line":352,"column":6},"end":{"line":361,"column":11}},"95":{"start":{"line":353,"column":8},"end":{"line":356,"column":11}},"96":{"start":{"line":358,"column":8},"end":{"line":361,"column":11}},"97":{"start":{"line":364,"column":6},"end":{"line":367,"column":9}},"98":{"start":{"line":372,"column":0},"end":{"line":393,"column":3}},"99":{"start":{"line":373,"column":2},"end":{"line":392,"column":7}},"100":{"start":{"line":376,"column":6},"end":{"line":385,"column":11}},"101":{"start":{"line":377,"column":8},"end":{"line":380,"column":11}},"102":{"start":{"line":382,"column":8},"end":{"line":385,"column":11}},"103":{"start":{"line":388,"column":6},"end":{"line":391,"column":9}},"104":{"start":{"line":396,"column":0},"end":{"line":417,"column":3}},"105":{"start":{"line":397,"column":2},"end":{"line":416,"column":7}},"106":{"start":{"line":400,"column":6},"end":{"line":409,"column":11}},"107":{"start":{"line":401,"column":8},"end":{"line":404,"column":11}},"108":{"start":{"line":406,"column":8},"end":{"line":409,"column":11}},"109":{"start":{"line":412,"column":6},"end":{"line":415,"column":9}},"110":{"start":{"line":420,"column":0},"end":{"line":441,"column":3}},"111":{"start":{"line":421,"column":2},"end":{"line":440,"column":7}},"112":{"start":{"line":424,"column":6},"end":{"line":433,"column":11}},"113":{"start":{"line":425,"column":8},"end":{"line":428,"column":11}},"114":{"start":{"line":430,"column":8},"end":{"line":433,"column":11}},"115":{"start":{"line":436,"column":6},"end":{"line":439,"column":9}},"116":{"start":{"line":444,"column":0},"end":{"line":465,"column":3}},"117":{"start":{"line":445,"column":2},"end":{"line":464,"column":7}},"118":{"start":{"line":448,"column":6},"end":{"line":457,"column":11}},"119":{"start":{"line":449,"column":8},"end":{"line":452,"column":11}},"120":{"start":{"line":454,"column":8},"end":{"line":457,"column":11}},"121":{"start":{"line":460,"column":6},"end":{"line":463,"column":9}},"122":{"start":{"line":468,"column":0},"end":{"line":489,"column":3}},"123":{"start":{"line":469,"column":2},"end":{"line":488,"column":7}},"124":{"start":{"line":472,"column":6},"end":{"line":481,"column":11}},"125":{"start":{"line":473,"column":8},"end":{"line":476,"column":11}},"126":{"start":{"line":478,"column":8},"end":{"line":481,"column":11}},"127":{"start":{"line":484,"column":6},"end":{"line":487,"column":9}}},"fnMap":{"0":{"name":"(anonymous_0)","decl":{"start":{"line":7,"column":19},"end":{"line":7,"column":20}},"loc":{"start":{"line":7,"column":39},"end":{"line":28,"column":1}},"line":7},"1":{"name":"(anonymous_1)","decl":{"start":{"line":10,"column":10},"end":{"line":10,"column":11}},"loc":{"start":{"line":10,"column":22},"end":{"line":21,"column":5}},"line":10},"2":{"name":"(anonymous_2)","decl":{"start":{"line":22,"column":11},"end":{"line":22,"column":12}},"loc":{"start":{"line":22,"column":22},"end":{"line":27,"column":5}},"line":22},"3":{"name":"(anonymous_3)","decl":{"start":{"line":31,"column":19},"end":{"line":31,"column":20}},"loc":{"start":{"line":31,"column":39},"end":{"line":51,"column":1}},"line":31},"4":{"name":"(anonymous_4)","decl":{"start":{"line":34,"column":10},"end":{"line":34,"column":11}},"loc":{"start":{"line":34,"column":21},"end":{"line":45,"column":5}},"line":34},"5":{"name":"(anonymous_5)","decl":{"start":{"line":46,"column":11},"end":{"line":46,"column":12}},"loc":{"start":{"line":46,"column":22},"end":{"line":50,"column":5}},"line":46},"6":{"name":"(anonymous_6)","decl":{"start":{"line":54,"column":17},"end":{"line":54,"column":18}},"loc":{"start":{"line":54,"column":37},"end":{"line":69,"column":1}},"line":54},"7":{"name":"(anonymous_7)","decl":{"start":{"line":57,"column":10},"end":{"line":57,"column":11}},"loc":{"start":{"line":57,"column":21},"end":{"line":62,"column":5}},"line":57},"8":{"name":"(anonymous_8)","decl":{"start":{"line":63,"column":11},"end":{"line":63,"column":12}},"loc":{"start":{"line":63,"column":22},"end":{"line":68,"column":5}},"line":63},"9":{"name":"(anonymous_9)","decl":{"start":{"line":72,"column":22},"end":{"line":72,"column":23}},"loc":{"start":{"line":72,"column":42},"end":{"line":93,"column":1}},"line":72},"10":{"name":"(anonymous_10)","decl":{"start":{"line":75,"column":10},"end":{"line":75,"column":11}},"loc":{"start":{"line":75,"column":28},"end":{"line":86,"column":5}},"line":75},"11":{"name":"(anonymous_11)","decl":{"start":{"line":87,"column":11},"end":{"line":87,"column":12}},"loc":{"start":{"line":87,"column":22},"end":{"line":92,"column":5}},"line":87},"12":{"name":"(anonymous_12)","decl":{"start":{"line":96,"column":19},"end":{"line":96,"column":20}},"loc":{"start":{"line":96,"column":39},"end":{"line":117,"column":1}},"line":96},"13":{"name":"(anonymous_13)","decl":{"start":{"line":99,"column":10},"end":{"line":99,"column":11}},"loc":{"start":{"line":99,"column":21},"end":{"line":110,"column":5}},"line":99},"14":{"name":"(anonymous_14)","decl":{"start":{"line":111,"column":11},"end":{"line":111,"column":12}},"loc":{"start":{"line":111,"column":22},"end":{"line":116,"column":5}},"line":111},"15":{"name":"(anonymous_15)","decl":{"start":{"line":120,"column":33},"end":{"line":120,"column":34}},"loc":{"start":{"line":120,"column":53},"end":{"line":141,"column":1}},"line":120},"16":{"name":"(anonymous_16)","decl":{"start":{"line":123,"column":10},"end":{"line":123,"column":11}},"loc":{"start":{"line":123,"column":22},"end":{"line":134,"column":5}},"line":123},"17":{"name":"(anonymous_17)","decl":{"start":{"line":135,"column":11},"end":{"line":135,"column":12}},"loc":{"start":{"line":135,"column":22},"end":{"line":140,"column":5}},"line":135},"18":{"name":"(anonymous_18)","decl":{"start":{"line":144,"column":43},"end":{"line":144,"column":44}},"loc":{"start":{"line":144,"column":63},"end":{"line":165,"column":1}},"line":144},"19":{"name":"(anonymous_19)","decl":{"start":{"line":147,"column":10},"end":{"line":147,"column":11}},"loc":{"start":{"line":147,"column":22},"end":{"line":158,"column":5}},"line":147},"20":{"name":"(anonymous_20)","decl":{"start":{"line":159,"column":11},"end":{"line":159,"column":12}},"loc":{"start":{"line":159,"column":22},"end":{"line":164,"column":5}},"line":159},"21":{"name":"(anonymous_21)","decl":{"start":{"line":168,"column":40},"end":{"line":168,"column":41}},"loc":{"start":{"line":168,"column":60},"end":{"line":189,"column":1}},"line":168},"22":{"name":"(anonymous_22)","decl":{"start":{"line":171,"column":10},"end":{"line":171,"column":11}},"loc":{"start":{"line":171,"column":22},"end":{"line":182,"column":5}},"line":171},"23":{"name":"(anonymous_23)","decl":{"start":{"line":183,"column":11},"end":{"line":183,"column":12}},"loc":{"start":{"line":183,"column":22},"end":{"line":188,"column":5}},"line":183},"24":{"name":"(anonymous_24)","decl":{"start":{"line":192,"column":35},"end":{"line":192,"column":36}},"loc":{"start":{"line":192,"column":55},"end":{"line":213,"column":1}},"line":192},"25":{"name":"(anonymous_25)","decl":{"start":{"line":195,"column":10},"end":{"line":195,"column":11}},"loc":{"start":{"line":195,"column":22},"end":{"line":206,"column":5}},"line":195},"26":{"name":"(anonymous_26)","decl":{"start":{"line":207,"column":11},"end":{"line":207,"column":12}},"loc":{"start":{"line":207,"column":22},"end":{"line":212,"column":5}},"line":207},"27":{"name":"(anonymous_27)","decl":{"start":{"line":216,"column":39},"end":{"line":216,"column":40}},"loc":{"start":{"line":216,"column":59},"end":{"line":237,"column":1}},"line":216},"28":{"name":"(anonymous_28)","decl":{"start":{"line":219,"column":10},"end":{"line":219,"column":11}},"loc":{"start":{"line":219,"column":22},"end":{"line":230,"column":5}},"line":219},"29":{"name":"(anonymous_29)","decl":{"start":{"line":231,"column":11},"end":{"line":231,"column":12}},"loc":{"start":{"line":231,"column":22},"end":{"line":236,"column":5}},"line":231},"30":{"name":"(anonymous_30)","decl":{"start":{"line":240,"column":43},"end":{"line":240,"column":44}},"loc":{"start":{"line":240,"column":63},"end":{"line":263,"column":1}},"line":240},"31":{"name":"(anonymous_31)","decl":{"start":{"line":241,"column":56},"end":{"line":241,"column":57}},"loc":{"start":{"line":241,"column":63},"end":{"line":241,"column":71}},"line":241},"32":{"name":"(anonymous_32)","decl":{"start":{"line":245,"column":10},"end":{"line":245,"column":11}},"loc":{"start":{"line":245,"column":22},"end":{"line":256,"column":5}},"line":245},"33":{"name":"(anonymous_33)","decl":{"start":{"line":257,"column":11},"end":{"line":257,"column":12}},"loc":{"start":{"line":257,"column":22},"end":{"line":262,"column":5}},"line":257},"34":{"name":"(anonymous_34)","decl":{"start":{"line":266,"column":41},"end":{"line":266,"column":42}},"loc":{"start":{"line":266,"column":61},"end":{"line":290,"column":1}},"line":266},"35":{"name":"(anonymous_35)","decl":{"start":{"line":267,"column":49},"end":{"line":267,"column":50}},"loc":{"start":{"line":267,"column":56},"end":{"line":267,"column":76}},"line":267},"36":{"name":"(anonymous_36)","decl":{"start":{"line":272,"column":10},"end":{"line":272,"column":11}},"loc":{"start":{"line":272,"column":22},"end":{"line":283,"column":5}},"line":272},"37":{"name":"(anonymous_37)","decl":{"start":{"line":284,"column":11},"end":{"line":284,"column":12}},"loc":{"start":{"line":284,"column":22},"end":{"line":289,"column":5}},"line":284},"38":{"name":"(anonymous_38)","decl":{"start":{"line":293,"column":35},"end":{"line":293,"column":36}},"loc":{"start":{"line":293,"column":55},"end":{"line":316,"column":1}},"line":293},"39":{"name":"(anonymous_39)","decl":{"start":{"line":298,"column":10},"end":{"line":298,"column":11}},"loc":{"start":{"line":298,"column":22},"end":{"line":309,"column":5}},"line":298},"40":{"name":"(anonymous_40)","decl":{"start":{"line":310,"column":11},"end":{"line":310,"column":12}},"loc":{"start":{"line":310,"column":20},"end":{"line":315,"column":5}},"line":310},"41":{"name":"(anonymous_41)","decl":{"start":{"line":319,"column":31},"end":{"line":319,"column":32}},"loc":{"start":{"line":319,"column":51},"end":{"line":342,"column":1}},"line":319},"42":{"name":"(anonymous_42)","decl":{"start":{"line":324,"column":10},"end":{"line":324,"column":11}},"loc":{"start":{"line":324,"column":22},"end":{"line":335,"column":5}},"line":324},"43":{"name":"(anonymous_43)","decl":{"start":{"line":336,"column":11},"end":{"line":336,"column":12}},"loc":{"start":{"line":336,"column":20},"end":{"line":341,"column":5}},"line":336},"44":{"name":"(anonymous_44)","decl":{"start":{"line":345,"column":45},"end":{"line":345,"column":46}},"loc":{"start":{"line":345,"column":65},"end":{"line":369,"column":1}},"line":345},"45":{"name":"(anonymous_45)","decl":{"start":{"line":351,"column":10},"end":{"line":351,"column":11}},"loc":{"start":{"line":351,"column":22},"end":{"line":362,"column":5}},"line":351},"46":{"name":"(anonymous_46)","decl":{"start":{"line":363,"column":11},"end":{"line":363,"column":12}},"loc":{"start":{"line":363,"column":20},"end":{"line":368,"column":5}},"line":363},"47":{"name":"(anonymous_47)","decl":{"start":{"line":372,"column":38},"end":{"line":372,"column":39}},"loc":{"start":{"line":372,"column":58},"end":{"line":393,"column":1}},"line":372},"48":{"name":"(anonymous_48)","decl":{"start":{"line":375,"column":10},"end":{"line":375,"column":11}},"loc":{"start":{"line":375,"column":22},"end":{"line":386,"column":5}},"line":375},"49":{"name":"(anonymous_49)","decl":{"start":{"line":387,"column":11},"end":{"line":387,"column":12}},"loc":{"start":{"line":387,"column":22},"end":{"line":392,"column":5}},"line":387},"50":{"name":"(anonymous_50)","decl":{"start":{"line":396,"column":41},"end":{"line":396,"column":42}},"loc":{"start":{"line":396,"column":61},"end":{"line":417,"column":1}},"line":396},"51":{"name":"(anonymous_51)","decl":{"start":{"line":399,"column":10},"end":{"line":399,"column":11}},"loc":{"start":{"line":399,"column":21},"end":{"line":410,"column":5}},"line":399},"52":{"name":"(anonymous_52)","decl":{"start":{"line":411,"column":11},"end":{"line":411,"column":12}},"loc":{"start":{"line":411,"column":22},"end":{"line":416,"column":5}},"line":411},"53":{"name":"(anonymous_53)","decl":{"start":{"line":420,"column":44},"end":{"line":420,"column":45}},"loc":{"start":{"line":420,"column":64},"end":{"line":441,"column":1}},"line":420},"54":{"name":"(anonymous_54)","decl":{"start":{"line":423,"column":10},"end":{"line":423,"column":11}},"loc":{"start":{"line":423,"column":21},"end":{"line":434,"column":5}},"line":423},"55":{"name":"(anonymous_55)","decl":{"start":{"line":435,"column":11},"end":{"line":435,"column":12}},"loc":{"start":{"line":435,"column":22},"end":{"line":440,"column":5}},"line":435},"56":{"name":"(anonymous_56)","decl":{"start":{"line":444,"column":39},"end":{"line":444,"column":40}},"loc":{"start":{"line":444,"column":59},"end":{"line":465,"column":1}},"line":444},"57":{"name":"(anonymous_57)","decl":{"start":{"line":447,"column":10},"end":{"line":447,"column":11}},"loc":{"start":{"line":447,"column":21},"end":{"line":458,"column":5}},"line":447},"58":{"name":"(anonymous_58)","decl":{"start":{"line":459,"column":11},"end":{"line":459,"column":12}},"loc":{"start":{"line":459,"column":22},"end":{"line":464,"column":5}},"line":459},"59":{"name":"(anonymous_59)","decl":{"start":{"line":468,"column":42},"end":{"line":468,"column":43}},"loc":{"start":{"line":468,"column":62},"end":{"line":489,"column":1}},"line":468},"60":{"name":"(anonymous_60)","decl":{"start":{"line":471,"column":10},"end":{"line":471,"column":11}},"loc":{"start":{"line":471,"column":21},"end":{"line":482,"column":5}},"line":471},"61":{"name":"(anonymous_61)","decl":{"start":{"line":483,"column":11},"end":{"line":483,"column":12}},"loc":{"start":{"line":483,"column":22},"end":{"line":488,"column":5}},"line":483}},"branchMap":{"0":{"loc":{"start":{"line":11,"column":6},"end":{"line":20,"column":11}},"type":"if","locations":[{"start":{"line":11,"column":6},"end":{"line":20,"column":11}},{"start":{"line":17,"column":8},"end":{"line":20,"column":11}}],"line":11},"1":{"loc":{"start":{"line":11,"column":10},"end":{"line":11,"column":40}},"type":"binary-expr","locations":[{"start":{"line":11,"column":10},"end":{"line":11,"column":17}},{"start":{"line":11,"column":21},"end":{"line":11,"column":40}}],"line":11},"2":{"loc":{"start":{"line":35,"column":6},"end":{"line":44,"column":11}},"type":"if","locations":[{"start":{"line":35,"column":6},"end":{"line":44,"column":11}},{"start":{"line":41,"column":8},"end":{"line":44,"column":11}}],"line":35},"3":{"loc":{"start":{"line":76,"column":6},"end":{"line":85,"column":11}},"type":"if","locations":[{"start":{"line":76,"column":6},"end":{"line":85,"column":11}},{"start":{"line":82,"column":8},"end":{"line":85,"column":11}}],"line":76},"4":{"loc":{"start":{"line":100,"column":6},"end":{"line":109,"column":11}},"type":"if","locations":[{"start":{"line":100,"column":6},"end":{"line":109,"column":11}},{"start":{"line":106,"column":8},"end":{"line":109,"column":11}}],"line":100},"5":{"loc":{"start":{"line":124,"column":6},"end":{"line":133,"column":11}},"type":"if","locations":[{"start":{"line":124,"column":6},"end":{"line":133,"column":11}},{"start":{"line":130,"column":8},"end":{"line":133,"column":11}}],"line":124},"6":{"loc":{"start":{"line":124,"column":10},"end":{"line":124,"column":40}},"type":"binary-expr","locations":[{"start":{"line":124,"column":10},"end":{"line":124,"column":17}},{"start":{"line":124,"column":21},"end":{"line":124,"column":40}}],"line":124},"7":{"loc":{"start":{"line":148,"column":6},"end":{"line":157,"column":11}},"type":"if","locations":[{"start":{"line":148,"column":6},"end":{"line":157,"column":11}},{"start":{"line":154,"column":8},"end":{"line":157,"column":11}}],"line":148},"8":{"loc":{"start":{"line":148,"column":10},"end":{"line":148,"column":40}},"type":"binary-expr","locations":[{"start":{"line":148,"column":10},"end":{"line":148,"column":17}},{"start":{"line":148,"column":21},"end":{"line":148,"column":40}}],"line":148},"9":{"loc":{"start":{"line":172,"column":6},"end":{"line":181,"column":11}},"type":"if","locations":[{"start":{"line":172,"column":6},"end":{"line":181,"column":11}},{"start":{"line":178,"column":8},"end":{"line":181,"column":11}}],"line":172},"10":{"loc":{"start":{"line":172,"column":10},"end":{"line":172,"column":40}},"type":"binary-expr","locations":[{"start":{"line":172,"column":10},"end":{"line":172,"column":17}},{"start":{"line":172,"column":21},"end":{"line":172,"column":40}}],"line":172},"11":{"loc":{"start":{"line":196,"column":6},"end":{"line":205,"column":11}},"type":"if","locations":[{"start":{"line":196,"column":6},"end":{"line":205,"column":11}},{"start":{"line":202,"column":8},"end":{"line":205,"column":11}}],"line":196},"12":{"loc":{"start":{"line":196,"column":10},"end":{"line":196,"column":40}},"type":"binary-expr","locations":[{"start":{"line":196,"column":10},"end":{"line":196,"column":17}},{"start":{"line":196,"column":21},"end":{"line":196,"column":40}}],"line":196},"13":{"loc":{"start":{"line":220,"column":6},"end":{"line":229,"column":11}},"type":"if","locations":[{"start":{"line":220,"column":6},"end":{"line":229,"column":11}},{"start":{"line":226,"column":8},"end":{"line":229,"column":11}}],"line":220},"14":{"loc":{"start":{"line":220,"column":10},"end":{"line":220,"column":40}},"type":"binary-expr","locations":[{"start":{"line":220,"column":10},"end":{"line":220,"column":17}},{"start":{"line":220,"column":21},"end":{"line":220,"column":40}}],"line":220},"15":{"loc":{"start":{"line":246,"column":6},"end":{"line":255,"column":11}},"type":"if","locations":[{"start":{"line":246,"column":6},"end":{"line":255,"column":11}},{"start":{"line":252,"column":8},"end":{"line":255,"column":11}}],"line":246},"16":{"loc":{"start":{"line":246,"column":10},"end":{"line":246,"column":40}},"type":"binary-expr","locations":[{"start":{"line":246,"column":10},"end":{"line":246,"column":17}},{"start":{"line":246,"column":21},"end":{"line":246,"column":40}}],"line":246},"17":{"loc":{"start":{"line":273,"column":6},"end":{"line":282,"column":11}},"type":"if","locations":[{"start":{"line":273,"column":6},"end":{"line":282,"column":11}},{"start":{"line":279,"column":8},"end":{"line":282,"column":11}}],"line":273},"18":{"loc":{"start":{"line":273,"column":10},"end":{"line":273,"column":40}},"type":"binary-expr","locations":[{"start":{"line":273,"column":10},"end":{"line":273,"column":17}},{"start":{"line":273,"column":21},"end":{"line":273,"column":40}}],"line":273},"19":{"loc":{"start":{"line":299,"column":6},"end":{"line":308,"column":11}},"type":"if","locations":[{"start":{"line":299,"column":6},"end":{"line":308,"column":11}},{"start":{"line":305,"column":8},"end":{"line":308,"column":11}}],"line":299},"20":{"loc":{"start":{"line":325,"column":6},"end":{"line":334,"column":11}},"type":"if","locations":[{"start":{"line":325,"column":6},"end":{"line":334,"column":11}},{"start":{"line":331,"column":8},"end":{"line":334,"column":11}}],"line":325},"21":{"loc":{"start":{"line":352,"column":6},"end":{"line":361,"column":11}},"type":"if","locations":[{"start":{"line":352,"column":6},"end":{"line":361,"column":11}},{"start":{"line":358,"column":8},"end":{"line":361,"column":11}}],"line":352},"22":{"loc":{"start":{"line":376,"column":6},"end":{"line":385,"column":11}},"type":"if","locations":[{"start":{"line":376,"column":6},"end":{"line":385,"column":11}},{"start":{"line":382,"column":8},"end":{"line":385,"column":11}}],"line":376},"23":{"loc":{"start":{"line":376,"column":10},"end":{"line":376,"column":40}},"type":"binary-expr","locations":[{"start":{"line":376,"column":10},"end":{"line":376,"column":17}},{"start":{"line":376,"column":21},"end":{"line":376,"column":40}}],"line":376},"24":{"loc":{"start":{"line":400,"column":6},"end":{"line":409,"column":11}},"type":"if","locations":[{"start":{"line":400,"column":6},"end":{"line":409,"column":11}},{"start":{"line":406,"column":8},"end":{"line":409,"column":11}}],"line":400},"25":{"loc":{"start":{"line":424,"column":6},"end":{"line":433,"column":11}},"type":"if","locations":[{"start":{"line":424,"column":6},"end":{"line":433,"column":11}},{"start":{"line":430,"column":8},"end":{"line":433,"column":11}}],"line":424},"26":{"loc":{"start":{"line":448,"column":6},"end":{"line":457,"column":11}},"type":"if","locations":[{"start":{"line":448,"column":6},"end":{"line":457,"column":11}},{"start":{"line":454,"column":8},"end":{"line":457,"column":11}}],"line":448},"27":{"loc":{"start":{"line":472,"column":6},"end":{"line":481,"column":11}},"type":"if","locations":[{"start":{"line":472,"column":6},"end":{"line":481,"column":11}},{"start":{"line":478,"column":8},"end":{"line":481,"column":11}}],"line":472}},"s":{"0":5,"1":5,"2":1,"3":1,"4":1,"5":0,"6":0,"7":5,"8":1,"9":1,"10":0,"11":1,"12":0,"13":5,"14":1,"15":1,"16":0,"17":5,"18":1,"19":1,"20":0,"21":1,"22":0,"23":5,"24":1,"25":1,"26":0,"27":1,"28":0,"29":5,"30":1,"31":1,"32":0,"33":1,"34":0,"35":5,"36":1,"37":1,"38":0,"39":1,"40":0,"41":5,"42":1,"43":1,"44":0,"45":1,"46":0,"47":5,"48":1,"49":1,"50":0,"51":1,"52":0,"53":5,"54":1,"55":1,"56":0,"57":1,"58":0,"59":5,"60":1,"61":2,"62":1,"63":1,"64":0,"65":1,"66":0,"67":5,"68":1,"69":3,"70":1,"71":1,"72":1,"73":0,"74":1,"75":0,"76":5,"77":1,"78":1,"79":1,"80":0,"81":1,"82":0,"83":5,"84":1,"85":1,"86":1,"87":0,"88":1,"89":0,"90":5,"91":1,"92":1,"93":1,"94":1,"95":0,"96":1,"97":0,"98":5,"99":1,"100":1,"101":0,"102":1,"103":0,"104":5,"105":0,"106":0,"107":0,"108":0,"109":0,"110":5,"111":0,"112":0,"113":0,"114":0,"115":0,"116":5,"117":0,"118":0,"119":0,"120":0,"121":0,"122":5,"123":0,"124":0,"125":0,"126":0,"127":0},"f":{"0":1,"1":1,"2":0,"3":1,"4":1,"5":0,"6":1,"7":1,"8":0,"9":1,"10":1,"11":0,"12":1,"13":1,"14":0,"15":1,"16":1,"17":0,"18":1,"19":1,"20":0,"21":1,"22":1,"23":0,"24":1,"25":1,"26":0,"27":1,"28":1,"29":0,"30":1,"31":2,"32":1,"33":0,"34":1,"35":3,"36":1,"37":0,"38":1,"39":1,"40":0,"41":1,"42":1,"43":0,"44":1,"45":1,"46":0,"47":1,"48":1,"49":0,"50":0,"51":0,"52":0,"53":0,"54":0,"55":0,"56":0,"57":0,"58":0,"59":0,"60":0,"61":0},"b":{"0":[1,0],"1":[1,1],"2":[0,1],"3":[0,1],"4":[0,1],"5":[0,1],"6":[1,1],"7":[0,1],"8":[1,1],"9":[0,1],"10":[1,1],"11":[0,1],"12":[1,1],"13":[0,1],"14":[1,1],"15":[0,1],"16":[1,1],"17":[0,1],"18":[1,1],"19":[0,1],"20":[0,1],"21":[0,1],"22":[0,1],"23":[1,1],"24":[0,0],"25":[0,0],"26":[0,0],"27":[0,0]},"_coverageSchema":"1a1c01bbd47fc00a2c39e90264f33305004495a9","hash":"8287cb8140870790d0767b8f4a598926d90e1f62"}
,"/mnt/c/Users/iamth/Downloads/School/CSC308/CSC_308-309_NULL/backend/EventFiles/EventSchema.js": {"path":"/mnt/c/Users/iamth/Downloads/School/CSC308/CSC_308-309_NULL/backend/EventFiles/EventSchema.js","statementMap":{"0":{"start":{"line":3,"column":20},"end":{"line":65,"column":1}},"1":{"start":{"line":67,"column":14},"end":{"line":67,"column":50}}},"fnMap":{},"branchMap":{},"s":{"0":6,"1":6},"f":{},"b":{},"_coverageSchema":"1a1c01bbd47fc00a2c39e90264f33305004495a9","hash":"76d8cb6d4a0b855d6701af2034f7d19e68241c69"}
,"/mnt/c/Users/iamth/Downloads/School/CSC308/CSC_308-309_NULL/backend/EventFiles/EventServices.js": {"path":"/mnt/c/Users/iamth/Downloads/School/CSC308/CSC_308-309_NULL/backend/EventFiles/EventServices.js","statementMap":{"0":{"start":{"line":5,"column":2},"end":{"line":5,"column":67}},"1":{"start":{"line":10,"column":19},"end":{"line":10,"column":40}},"2":{"start":{"line":11,"column":2},"end":{"line":11,"column":25}},"3":{"start":{"line":16,"column":2},"end":{"line":16,"column":42}},"4":{"start":{"line":21,"column":2},"end":{"line":26,"column":45}},"5":{"start":{"line":31,"column":2},"end":{"line":31,"column":73}},"6":{"start":{"line":36,"column":2},"end":{"line":38,"column":45}},"7":{"start":{"line":43,"column":2},"end":{"line":45,"column":45}},"8":{"start":{"line":50,"column":2},"end":{"line":52,"column":45}},"9":{"start":{"line":57,"column":2},"end":{"line":59,"column":45}},"10":{"start":{"line":64,"column":2},"end":{"line":66,"column":45}},"11":{"start":{"line":71,"column":2},"end":{"line":73,"column":45}},"12":{"start":{"line":78,"column":2},"end":{"line":86,"column":45}},"13":{"start":{"line":91,"column":2},"end":{"line":93,"column":45}},"14":{"start":{"line":98,"column":2},"end":{"line":100,"column":45}},"15":{"start":{"line":105,"column":2},"end":{"line":110,"column":45}},"16":{"start":{"line":115,"column":2},"end":{"line":117,"column":45}},"17":{"start":{"line":122,"column":2},"end":{"line":128,"column":45}},"18":{"start":{"line":133,"column":2},"end":{"line":135,"column":45}},"19":{"start":{"line":140,"column":2},"end":{"line":146,"column":45}},"20":{"start":{"line":151,"column":2},"end":{"line":157,"column":45}}},"fnMap":{"0":{"name":"getEvents","decl":{"start":{"line":4,"column":9},"end":{"line":4,"column":18}},"loc":{"start":{"line":4,"column":21},"end":{"line":6,"column":1}},"line":4},"1":{"name":"addEvent","decl":{"start":{"line":9,"column":9},"end":{"line":9,"column":17}},"loc":{"start":{"line":9,"column":25},"end":{"line":12,"column":1}},"line":9},"2":{"name":"deleteEvent","decl":{"start":{"line":15,"column":9},"end":{"line":15,"column":20}},"loc":{"start":{"line":15,"column":25},"end":{"line":17,"column":1}},"line":15},"3":{"name":"updateEvent","decl":{"start":{"line":20,"column":9},"end":{"line":20,"column":20}},"loc":{"start":{"line":20,"column":36},"end":{"line":27,"column":1}},"line":20},"4":{"name":"findEventById","decl":{"start":{"line":30,"column":9},"end":{"line":30,"column":22}},"loc":{"start":{"line":30,"column":27},"end":{"line":32,"column":1}},"line":30},"5":{"name":"findEventByName","decl":{"start":{"line":35,"column":9},"end":{"line":35,"column":24}},"loc":{"start":{"line":35,"column":31},"end":{"line":39,"column":1}},"line":35},"6":{"name":"findEventByDescription","decl":{"start":{"line":42,"column":9},"end":{"line":42,"column":31}},"loc":{"start":{"line":42,"column":41},"end":{"line":46,"column":1}},"line":42},"7":{"name":"findEventByMapComponent","decl":{"start":{"line":49,"column":9},"end":{"line":49,"column":32}},"loc":{"start":{"line":49,"column":47},"end":{"line":53,"column":1}},"line":49},"8":{"name":"findEventByAttendee","decl":{"start":{"line":56,"column":9},"end":{"line":56,"column":28}},"loc":{"start":{"line":56,"column":37},"end":{"line":60,"column":1}},"line":56},"9":{"name":"findEventByHost","decl":{"start":{"line":63,"column":9},"end":{"line":63,"column":24}},"loc":{"start":{"line":63,"column":33},"end":{"line":67,"column":1}},"line":63},"10":{"name":"findEventByInterests","decl":{"start":{"line":70,"column":9},"end":{"line":70,"column":29}},"loc":{"start":{"line":70,"column":41},"end":{"line":74,"column":1}},"line":70},"11":{"name":"findEventByLocation","decl":{"start":{"line":77,"column":9},"end":{"line":77,"column":28}},"loc":{"start":{"line":77,"column":65},"end":{"line":87,"column":1}},"line":77},"12":{"name":"findEventByStart","decl":{"start":{"line":90,"column":9},"end":{"line":90,"column":25}},"loc":{"start":{"line":90,"column":37},"end":{"line":94,"column":1}},"line":90},"13":{"name":"findEventByEnd","decl":{"start":{"line":97,"column":9},"end":{"line":97,"column":23}},"loc":{"start":{"line":97,"column":33},"end":{"line":101,"column":1}},"line":97},"14":{"name":"findEventsBetween","decl":{"start":{"line":104,"column":9},"end":{"line":104,"column":26}},"loc":{"start":{"line":104,"column":47},"end":{"line":111,"column":1}},"line":104},"15":{"name":"findEventsBlockingUser","decl":{"start":{"line":114,"column":9},"end":{"line":114,"column":31}},"loc":{"start":{"line":114,"column":40},"end":{"line":118,"column":1}},"line":114},"16":{"name":"addUserToAttendees","decl":{"start":{"line":121,"column":9},"end":{"line":121,"column":27}},"loc":{"start":{"line":121,"column":45},"end":{"line":129,"column":1}},"line":121},"17":{"name":"removeUserFromAttendees","decl":{"start":{"line":132,"column":9},"end":{"line":132,"column":32}},"loc":{"start":{"line":132,"column":50},"end":{"line":136,"column":1}},"line":132},"18":{"name":"addUserToBlocked","decl":{"start":{"line":139,"column":9},"end":{"line":139,"column":25}},"loc":{"start":{"line":139,"column":43},"end":{"line":147,"column":1}},"line":139},"19":{"name":"removeUserFromBlocked","decl":{"start":{"line":150,"column":9},"end":{"line":150,"column":30}},"loc":{"start":{"line":150,"column":48},"end":{"line":158,"column":1}},"line":150}},"branchMap":{},"s":{"0":1,"1":2,"2":2,"3":2,"4":2,"5":2,"6":2,"7":1,"8":2,"9":2,"10":2,"11":2,"12":2,"13":1,"14":1,"15":2,"16":2,"17":0,"18":0,"19":0,"20":0},"f":{"0":1,"1":2,"2":2,"3":2,"4":2,"5":2,"6":1,"7":2,"8":2,"9":2,"10":2,"11":2,"12":1,"13":1,"14":2,"15":2,"16":0,"17":0,"18":0,"19":0},"b":{},"_coverageSchema":"1a1c01bbd47fc00a2c39e90264f33305004495a9","hash":"00bf9b69b99ae6416cdb994be4eb5e733ea7c6be"}
[...]
":131,"column":3}},"38":{"start":{"line":117,"column":2},"end":{"line":130,"column":7}},"39":{"start":{"line":120,"column":6},"end":{"line":124,"column":64}},"40":{"start":{"line":121,"column":8},"end":{"line":123,"column":79}},"41":{"start":{"line":124,"column":11},"end":{"line":124,"column":64}},"42":{"start":{"line":127,"column":6},"end":{"line":129,"column":76}},"43":{"start":{"line":134,"column":0},"end":{"line":149,"column":3}},"44":{"start":{"line":135,"column":2},"end":{"line":148,"column":7}},"45":{"start":{"line":138,"column":6},"end":{"line":142,"column":64}},"46":{"start":{"line":139,"column":8},"end":{"line":141,"column":77}},"47":{"start":{"line":142,"column":11},"end":{"line":142,"column":64}},"48":{"start":{"line":145,"column":6},"end":{"line":147,"column":76}},"49":{"start":{"line":152,"column":0},"end":{"line":167,"column":3}},"50":{"start":{"line":153,"column":2},"end":{"line":166,"column":7}},"51":{"start":{"line":156,"column":6},"end":{"line":160,"column":64}},"52":{"start":{"line":157,"column":8},"end":{"line":159,"column":80}},"53":{"start":{"line":160,"column":11},"end":{"line":160,"column":64}},"54":{"start":{"line":163,"column":6},"end":{"line":165,"column":76}},"55":{"start":{"line":170,"column":0},"end":{"line":186,"column":3}},"56":{"start":{"line":171,"column":2},"end":{"line":185,"column":7}},"57":{"start":{"line":172,"column":68},"end":{"line":172,"column":76}},"58":{"start":{"line":174,"column":6},"end":{"line":179,"column":64}},"59":{"start":{"line":175,"column":8},"end":{"line":178,"column":11}},"60":{"start":{"line":179,"column":11},"end":{"line":179,"column":64}},"61":{"start":{"line":182,"column":6},"end":{"line":184,"column":76}},"62":{"start":{"line":189,"column":0},"end":{"line":204,"column":3}},"63":{"start":{"line":190,"column":2},"end":{"line":203,"column":7}},"64":{"start":{"line":193,"column":6},"end":{"line":197,"column":64}},"65":{"start":{"line":194,"column":8},"end":{"line":196,"column":80}},"66":{"start":{"line":197,"column":11},"end":{"line":197,"column":64}},"67":{"start":{"line":200,"column":6},"end":{"line":202,"column":76}},"68":{"start":{"line":207,"column":0},"end":{"line":226,"column":3}},"69":{"start":{"line":208,"column":23},"end":{"line":210,"column":37}},"70":{"start":{"line":210,"column":16},"end":{"line":210,"column":36}},"71":{"start":{"line":211,"column":2},"end":{"line":225,"column":7}},"72":{"start":{"line":214,"column":6},"end":{"line":219,"column":64}},"73":{"start":{"line":215,"column":8},"end":{"line":218,"column":11}},"74":{"start":{"line":219,"column":11},"end":{"line":219,"column":64}},"75":{"start":{"line":222,"column":6},"end":{"line":224,"column":76}}},"fnMap":{"0":{"name":"(anonymous_0)","decl":{"start":{"line":6,"column":16},"end":{"line":6,"column":17}},"loc":{"start":{"line":6,"column":30},"end":{"line":8,"column":1}},"line":6},"1":{"name":"(anonymous_1)","decl":{"start":{"line":11,"column":19},"end":{"line":11,"column":20}},"loc":{"start":{"line":11,"column":39},"end":{"line":28,"column":1}},"line":11},"2":{"name":"(anonymous_2)","decl":{"start":{"line":14,"column":10},"end":{"line":14,"column":11}},"loc":{"start":{"line":14,"column":21},"end":{"line":21,"column":5}},"line":14},"3":{"name":"(anonymous_3)","decl":{"start":{"line":22,"column":11},"end":{"line":22,"column":12}},"loc":{"start":{"line":22,"column":22},"end":{"line":27,"column":5}},"line":22},"4":{"name":"(anonymous_4)","decl":{"start":{"line":31,"column":19},"end":{"line":31,"column":20}},"loc":{"start":{"line":31,"column":39},"end":{"line":45,"column":1}},"line":31},"5":{"name":"(anonymous_5)","decl":{"start":{"line":34,"column":10},"end":{"line":34,"column":11}},"loc":{"start":{"line":34,"column":20},"end":{"line":38,"column":5}},"line":34},"6":{"name":"(anonymous_6)","decl":{"start":{"line":39,"column":11},"end":{"line":39,"column":12}},"loc":{"start":{"line":39,"column":22},"end":{"line":44,"column":5}},"line":39},"7":{"name":"(anonymous_7)","decl":{"start":{"line":48,"column":17},"end":{"line":48,"column":18}},"loc":{"start":{"line":48,"column":37},"end":{"line":60,"column":1}},"line":48},"8":{"name":"(anonymous_8)","decl":{"start":{"line":51,"column":10},"end":{"line":51,"column":11}},"loc":{"start":{"line":51,"column":20},"end":{"line":53,"column":5}},"line":51},"9":{"name":"(anonymous_9)","decl":{"start":{"line":54,"column":11},"end":{"line":54,"column":12}},"loc":{"start":{"line":54,"column":22},"end":{"line":59,"column":5}},"line":54},"10":{"name":"(anonymous_10)","decl":{"start":{"line":63,"column":22},"end":{"line":63,"column":23}},"loc":{"start":{"line":63,"column":42},"end":{"line":79,"column":1}},"line":63},"11":{"name":"(anonymous_11)","decl":{"start":{"line":66,"column":10},"end":{"line":66,"column":11}},"loc":{"start":{"line":66,"column":27},"end":{"line":73,"column":5}},"line":66},"12":{"name":"(anonymous_12)","decl":{"start":{"line":74,"column":11},"end":{"line":74,"column":12}},"loc":{"start":{"line":74,"column":22},"end":{"line":78,"column":5}},"line":74},"13":{"name":"(anonymous_13)","decl":{"start":{"line":82,"column":19},"end":{"line":82,"column":20}},"loc":{"start":{"line":82,"column":39},"end":{"line":95,"column":1}},"line":82},"14":{"name":"(anonymous_14)","decl":{"start":{"line":85,"column":10},"end":{"line":85,"column":11}},"loc":{"start":{"line":85,"column":20},"end":{"line":89,"column":5}},"line":85},"15":{"name":"(anonymous_15)","decl":{"start":{"line":90,"column":11},"end":{"line":90,"column":12}},"loc":{"start":{"line":90,"column":22},"end":{"line":94,"column":5}},"line":90},"16":{"name":"(anonymous_16)","decl":{"start":{"line":98,"column":33},"end":{"line":98,"column":34}},"loc":{"start":{"line":98,"column":53},"end":{"line":113,"column":1}},"line":98},"17":{"name":"(anonymous_17)","decl":{"start":{"line":101,"column":10},"end":{"line":101,"column":11}},"loc":{"start":{"line":101,"column":21},"end":{"line":107,"column":5}},"line":101},"18":{"name":"(anonymous_18)","decl":{"start":{"line":108,"column":11},"end":{"line":108,"column":12}},"loc":{"start":{"line":108,"column":22},"end":{"line":112,"column":5}},"line":108},"19":{"name":"(anonymous_19)","decl":{"start":{"line":116,"column":35},"end":{"line":116,"column":36}},"loc":{"start":{"line":116,"column":55},"end":{"line":131,"column":1}},"line":116},"20":{"name":"(anonymous_20)","decl":{"start":{"line":119,"column":10},"end":{"line":119,"column":11}},"loc":{"start":{"line":119,"column":21},"end":{"line":125,"column":5}},"line":119},"21":{"name":"(anonymous_21)","decl":{"start":{"line":126,"column":11},"end":{"line":126,"column":12}},"loc":{"start":{"line":126,"column":22},"end":{"line":130,"column":5}},"line":126},"22":{"name":"(anonymous_22)","decl":{"start":{"line":134,"column":31},"end":{"line":134,"column":32}},"loc":{"start":{"line":134,"column":51},"end":{"line":149,"column":1}},"line":134},"23":{"name":"(anonymous_23)","decl":{"start":{"line":137,"column":10},"end":{"line":137,"column":11}},"loc":{"start":{"line":137,"column":21},"end":{"line":143,"column":5}},"line":137},"24":{"name":"(anonymous_24)","decl":{"start":{"line":144,"column":11},"end":{"line":144,"column":12}},"loc":{"start":{"line":144,"column":22},"end":{"line":148,"column":5}},"line":144},"25":{"name":"(anonymous_25)","decl":{"start":{"line":152,"column":37},"end":{"line":152,"column":38}},"loc":{"start":{"line":152,"column":57},"end":{"line":167,"column":1}},"line":152},"26":{"name":"(anonymous_26)","decl":{"start":{"line":155,"column":10},"end":{"line":155,"column":11}},"loc":{"start":{"line":155,"column":21},"end":{"line":161,"column":5}},"line":155},"27":{"name":"(anonymous_27)","decl":{"start":{"line":162,"column":11},"end":{"line":162,"column":12}},"loc":{"start":{"line":162,"column":22},"end":{"line":166,"column":5}},"line":162},"28":{"name":"(anonymous_28)","decl":{"start":{"line":170,"column":43},"end":{"line":170,"column":44}},"loc":{"start":{"line":170,"column":63},"end":{"line":186,"column":1}},"line":170},"29":{"name":"(anonymous_29)","decl":{"start":{"line":172,"column":61},"end":{"line":172,"column":62}},"loc":{"start":{"line":172,"column":68},"end":{"line":172,"column":76}},"line":172},"30":{"name":"(anonymous_30)","decl":{"start":{"line":173,"column":10},"end":{"line":173,"column":11}},"loc":{"start":{"line":173,"column":21},"end":{"line":180,"column":5}},"line":173},"31":{"name":"(anonymous_31)","decl":{"start":{"line":181,"column":11},"end":{"line":181,"column":12}},"loc":{"start":{"line":181,"column":22},"end":{"line":185,"column":5}},"line":181},"32":{"name":"(anonymous_32)","decl":{"start":{"line":189,"column":37},"end":{"line":189,"column":38}},"loc":{"start":{"line":189,"column":57},"end":{"line":204,"column":1}},"line":189},"33":{"name":"(anonymous_33)","decl":{"start":{"line":192,"column":10},"end":{"line":192,"column":11}},"loc":{"start":{"line":192,"column":21},"end":{"line":198,"column":5}},"line":192},"34":{"name":"(anonymous_34)","decl":{"start":{"line":199,"column":11},"end":{"line":199,"column":12}},"loc":{"start":{"line":199,"column":22},"end":{"line":203,"column":5}},"line":199},"35":{"name":"(anonymous_35)","decl":{"start":{"line":207,"column":41},"end":{"line":207,"column":42}},"loc":{"start":{"line":207,"column":61},"end":{"line":226,"column":1}},"line":207},"36":{"name":"(anonymous_36)","decl":{"start":{"line":210,"column":9},"end":{"line":210,"column":10}},"loc":{"start":{"line":210,"column":16},"end":{"line":210,"column":36}},"line":210},"37":{"name":"(anonymous_37)","decl":{"start":{"line":213,"column":10},"end":{"line":213,"column":11}},"loc":{"start":{"line":213,"column":21},"end":{"line":220,"column":5}},"line":213},"38":{"name":"(anonymous_38)","decl":{"start":{"line":221,"column":11},"end":{"line":221,"column":12}},"loc":{"start":{"line":221,"column":22},"end":{"line":225,"column":5}},"line":221}},"branchMap":{"0":{"loc":{"start":{"line":15,"column":6},"end":{"line":20,"column":39}},"type":"if","locations":[{"start":{"line":15,"column":6},"end":{"line":20,"column":39}},{"start":{"line":20,"column":11},"end":{"line":20,"column":39}}],"line":15},"1":{"loc":{"start":{"line":15,"column":10},"end":{"line":15,"column":38}},"type":"binary-expr","locations":[{"start":{"line":15,"column":10},"end":{"line":15,"column":16}},{"start":{"line":15,"column":20},"end":{"line":15,"column":38}}],"line":15},"2":{"loc":{"start":{"line":35,"column":6},"end":{"line":37,"column":63}},"type":"if","locations":[{"start":{"line":35,"column":6},"end":{"line":37,"column":63}},{"start":{"line":37,"column":11},"end":{"line":37,"column":63}}],"line":35},"3":{"loc":{"start":{"line":67,"column":6},"end":{"line":72,"column":73}},"type":"if","locations":[{"start":{"line":67,"column":6},"end":{"line":72,"column":73}},{"start":{"line":70,"column":8},"end":{"line":72,"column":73}}],"line":67},"4":{"loc":{"start":{"line":86,"column":6},"end":{"line":88,"column":63}},"type":"if","locations":[{"start":{"line":86,"column":6},"end":{"line":88,"column":63}},{"start":{"line":88,"column":11},"end":{"line":88,"column":63}}],"line":86},"5":{"loc":{"start":{"line":102,"column":6},"end":{"line":106,"column":64}},"type":"if","locations":[{"start":{"line":102,"column":6},"end":{"line":106,"column":64}},{"start":{"line":106,"column":11},"end":{"line":106,"column":64}}],"line":102},"6":{"loc":{"start":{"line":102,"column":10},"end":{"line":102,"column":38}},"type":"binary-expr","locations":[{"start":{"line":102,"column":10},"end":{"line":102,"column":16}},{"start":{"line":102,"column":20},"end":{"line":102,"column":38}}],"line":102},"7":{"loc":{"start":{"line":120,"column":6},"end":{"line":124,"column":64}},"type":"if","locations":[{"start":{"line":120,"column":6},"end":{"line":124,"column":64}},{"start":{"line":124,"column":11},"end":{"line":124,"column":64}}],"line":120},"8":{"loc":{"start":{"line":120,"column":10},"end":{"line":120,"column":38}},"type":"binary-expr","locations":[{"start":{"line":120,"column":10},"end":{"line":120,"column":16}},{"start":{"line":120,"column":20},"end":{"line":120,"column":38}}],"line":120},"9":{"loc":{"start":{"line":138,"column":6},"end":{"line":142,"column":64}},"type":"if","locations":[{"start":{"line":138,"column":6},"end":{"line":142,"column":64}},{"start":{"line":142,"column":11},"end":{"line":142,"column":64}}],"line":138},"10":{"loc":{"start":{"line":138,"column":10},"end":{"line":138,"column":38}},"type":"binary-expr","locations":[{"start":{"line":138,"column":10},"end":{"line":138,"column":16}},{"start":{"line":138,"column":20},"end":{"line":138,"column":38}}],"line":138},"11":{"loc":{"start":{"line":156,"column":6},"end":{"line":160,"column":64}},"type":"if","locations":[{"start":{"line":156,"column":6},"end":{"line":160,"column":64}},{"start":{"line":160,"column":11},"end":{"line":160,"column":64}}],"line":156},"12":{"loc":{"start":{"line":156,"column":10},"end":{"line":156,"column":38}},"type":"binary-expr","locations":[{"start":{"line":156,"column":10},"end":{"line":156,"column":16}},{"start":{"line":156,"column":20},"end":{"line":156,"column":38}}],"line":156},"13":{"loc":{"start":{"line":174,"column":6},"end":{"line":179,"column":64}},"type":"if","locations":[{"start":{"line":174,"column":6},"end":{"line":179,"column":64}},{"start":{"line":179,"column":11},"end":{"line":179,"column":64}}],"line":174},"14":{"loc":{"start":{"line":174,"column":10},"end":{"line":174,"column":38}},"type":"binary-expr","locations":[{"start":{"line":174,"column":10},"end":{"line":174,"column":16}},{"start":{"line":174,"column":20},"end":{"line":174,"column":38}}],"line":174},"15":{"loc":{"start":{"line":193,"column":6},"end":{"line":197,"column":64}},"type":"if","locations":[{"start":{"line":193,"column":6},"end":{"line":197,"column":64}},{"start":{"line":197,"column":11},"end":{"line":197,"column":64}}],"line":193},"16":{"loc":{"start":{"line":193,"column":10},"end":{"line":193,"column":38}},"type":"binary-expr","locations":[{"start":{"line":193,"column":10},"end":{"line":193,"column":16}},{"start":{"line":193,"column":20},"end":{"line":193,"column":38}}],"line":193},"17":{"loc":{"start":{"line":214,"column":6},"end":{"line":219,"column":64}},"type":"if","locations":[{"start":{"line":214,"column":6},"end":{"line":219,"column":64}},{"start":{"line":219,"column":11},"end":{"line":219,"column":64}}],"line":214},"18":{"loc":{"start":{"line":214,"column":10},"end":{"line":214,"column":38}},"type":"binary-expr","locations":[{"start":{"line":214,"column":10},"end":{"line":214,"column":16}},{"start":{"line":214,"column":20},"end":{"line":214,"column":38}}],"line":214}},"s":{"0":5,"1":5,"2":0,"3":5,"4":1,"5":1,"6":1,"7":0,"8":0,"9":5,"10":2,"11":2,"12":1,"13":1,"14":0,"15":5,"16":1,"17":1,"18":0,"19":5,"20":2,"21":2,"22":1,"23":1,"24":0,"25":5,"26":2,"27":2,"28":1,"29":1,"30":0,"31":5,"32":1,"33":1,"34":0,"35":1,"36":0,"37":5,"38":1,"39":1,"40":0,"41":1,"42":0,"43":5,"44":1,"45":1,"46":0,"47":1,"48":0,"49":5,"50":1,"51":1,"52":0,"53":1,"54":0,"55":5,"56":1,"57":1,"58":1,"59":0,"60":1,"61":0,"62":5,"63":1,"64":1,"65":0,"66":1,"67":0,"68":5,"69":1,"70":3,"71":1,"72":1,"73":0,"74":1,"75":0},"f":{"0":0,"1":1,"2":1,"3":0,"4":2,"5":2,"6":0,"7":1,"8":1,"9":0,"10":2,"11":2,"12":0,"13":2,"14":2,"15":0,"16":1,"17":1,"18":0,"19":1,"20":1,"21":0,"22":1,"23":1,"24":0,"25":1,"26":1,"27":0,"28":1,"29":1,"30":1,"31":0,"32":1,"33":1,"34":0,"35":1,"36":3,"37":1,"38":0},"b":{"0":[1,0],"1":[1,1],"2":[1,1],"3":[1,1],"4":[1,1],"5":[0,1],"6":[1,1],"7":[0,1],"8":[1,1],"9":[0,1],"10":[1,1],"11":[0,1],"12":[1,1],"13":[0,1],"14":[1,1],"15":[0,1],"16":[1,1],"17":[0,1],"18":[1,1]},"_coverageSchema":"1a1c01bbd47fc00a2c39e90264f33305004495a9","hash":"77a76d5feceff00b438102b37f0e2eec33781808"}
,"/mnt/c/Users/iamth/Downloads/School/CSC308/CSC_308-309_NULL/backend/UserFiles/UserSchema.js": {"path":"/mnt/c/Users/iamth/Downloads/School/CSC308/CSC_308-309_NULL/backend/UserFiles/UserSchema.js","statementMap":{"0":{"start":{"line":3,"column":19},"end":{"line":53,"column":1}},"1":{"start":{"line":55,"column":13},"end":{"line":55,"column":47}}},"fnMap":{},"branchMap":{},"s":{"0":6,"1":6},"f":{},"b":{},"_coverageSchema":"1a1c01bbd47fc00a2c39e90264f33305004495a9","hash":"0a5b768e4d7e8bc3a58341f85238a529530026a1"}
,"/mnt/c/Users/iamth/Downloads/School/CSC308/CSC_308-309_NULL/backend/UserFiles/UserServices.js": {"path":"/mnt/c/Users/iamth/Downloads/School/CSC308/CSC_308-309_NULL/backend/UserFiles/UserServices.js","statementMap":{"0":{"start":{"line":5,"column":2},"end":{"line":5,"column":26}},"1":{"start":{"line":10,"column":18},"end":{"line":10,"column":37}},"2":{"start":{"line":11,"column":2},"end":{"line":11,"column":24}},"3":{"start":{"line":16,"column":2},"end":{"line":16,"column":41}},"4":{"start":{"line":21,"column":2},"end":{"line":24,"column":5}},"5":{"start":{"line":29,"column":2},"end":{"line":29,"column":32}},"6":{"start":{"line":33,"column":2},"end":{"line":33,"column":67}},"7":{"start":{"line":37,"column":2},"end":{"line":37,"column":42}},"8":{"start":{"line":41,"column":2},"end":{"line":41,"column":54}},"9":{"start":{"line":45,"column":2},"end":{"line":45,"column":38}},"10":{"start":{"line":49,"column":2},"end":{"line":49,"column":44}},"11":{"start":{"line":53,"column":2},"end":{"line":53,"column":59}},"12":{"start":{"line":57,"column":2},"end":{"line":57,"column":44}},"13":{"start":{"line":61,"column":2},"end":{"line":67,"column":5}}},"fnMap":{"0":{"name":"getUsers","decl":{"start":{"line":4,"column":9},"end":{"line":4,"column":17}},"loc":{"start":{"line":4,"column":20},"end":{"line":6,"column":1}},"line":4},"1":{"name":"addUser","decl":{"start":{"line":9,"column":9},"end":{"line":9,"column":16}},"loc":{"start":{"line":9,"column":23},"end":{"line":12,"column":1}},"line":9},"2":{"name":"deleteUser","decl":{"start":{"line":15,"column":9},"end":{"line":15,"column":19}},"loc":{"start":{"line":15,"column":24},"end":{"line":17,"column":1}},"line":15},"3":{"name":"updateUser","decl":{"start":{"line":20,"column":9},"end":{"line":20,"column":19}},"loc":{"start":{"line":20,"column":34},"end":{"line":25,"column":1}},"line":20},"4":{"name":"findUserById","decl":{"start":{"line":28,"column":9},"end":{"line":28,"column":21}},"loc":{"start":{"line":28,"column":26},"end":{"line":30,"column":1}},"line":28},"5":{"name":"findUserByName","decl":{"start":{"line":32,"column":9},"end":{"line":32,"column":23}},"loc":{"start":{"line":32,"column":30},"end":{"line":34,"column":1}},"line":32},"6":{"name":"findUserByEmail","decl":{"start":{"line":36,"column":9},"end":{"line":36,"column":24}},"loc":{"start":{"line":36,"column":32},"end":{"line":38,"column":1}},"line":36},"7":{"name":"findUserByPhoneNumber","decl":{"start":{"line":40,"column":9},"end":{"line":40,"column":30}},"loc":{"start":{"line":40,"column":44},"end":{"line":42,"column":1}},"line":40},"8":{"name":"findUserByAge","decl":{"start":{"line":44,"column":9},"end":{"line":44,"column":22}},"loc":{"start":{"line":44,"column":28},"end":{"line":46,"column":1}},"line":44},"9":{"name":"findUserByGender","decl":{"start":{"line":48,"column":9},"end":{"line":48,"column":25}},"loc":{"start":{"line":48,"column":34},"end":{"line":50,"column":1}},"line":48},"10":{"name":"findUserByInterests","decl":{"start":{"line":52,"column":9},"end":{"line":52,"column":28}},"loc":{"start":{"line":52,"column":40},"end":{"line":54,"column":1}},"line":52},"11":{"name":"findUserByRadius","decl":{"start":{"line":56,"column":9},"end":{"line":56,"column":25}},"loc":{"start":{"line":56,"column":34},"end":{"line":58,"column":1}},"line":56},"12":{"name":"findUserByLocation","decl":{"start":{"line":60,"column":9},"end":{"line":60,"column":27}},"loc":{"start":{"line":60,"column":64},"end":{"line":68,"column":1}},"line":60}},"branchMap":{},"s":{"0":2,"1":2,"2":2,"3":3,"4":3,"5":3,"6":2,"7":2,"8":1,"9":2,"10":2,"11":2,"12":2,"13":2},"f":{"0":2,"1":2,"2":3,"3":3,"4":3,"5":2,"6":2,"7":1,"8":2,"9":2,"10":2,"11":2,"12":2},"b":{},"_coverageSchema":"1a1c01bbd47fc00a2c39e90264f33305004495a9","hash":"aded568d3fa3194fbfbf6bf2365d51da744a845c"}
}
