TN:
SF:backend/backend.js
FN:38,(anonymous_0)
FN:40,(anonymous_1)
FN:44,(anonymous_2)
FN:48,(anonymous_3)
FNF:4
FNH:0
FNDA:0,(anonymous_0)
FNDA:0,(anonymous_1)
FNDA:0,(anonymous_2)
FNDA:0,(anonymous_3)
DA:13,5
DA:14,5
DA:17,5
DA:18,5
DA:19,5
DA:20,5
DA:21,5
DA:22,5
DA:25,5
DA:26,5
DA:29,5
DA:32,5
DA:35,5
DA:36,0
DA:39,0
DA:40,0
DA:41,0
DA:44,0
DA:48,5
DA:49,0
LF:20
LH:14
BRDA:35,0,0,0
BRDA:35,0,1,5
BRF:2
BRH:1
end_of_record
TN:
SF:backend/ChatFiles/ChatRoutes.js
FN:7,(anonymous_0)
FN:10,(anonymous_1)
FN:21,(anonymous_2)
FN:30,(anonymous_3)
FN:33,(anonymous_4)
FN:39,(anonymous_5)
FN:48,(anonymous_6)
FN:51,(anonymous_7)
FN:62,(anonymous_8)
FN:71,(anonymous_9)
FN:74,(anonymous_10)
FN:85,(anonymous_11)
FN:94,(anonymous_12)
FN:97,(anonymous_13)
FN:108,(anonymous_14)
FN:117,(anonymous_15)
FN:120,(anonymous_16)
FN:131,(anonymous_17)
FN:140,(anonymous_18)
FN:143,(anonymous_19)
FN:154,(anonymous_20)
FN:163,(anonymous_21)
FN:166,(anonymous_22)
FN:177,(anonymous_23)
FN:186,(anonymous_24)
FN:187,(anonymous_25)
FN:190,(anonymous_26)
FN:201,(anonymous_27)
FN:210,(anonymous_28)
FN:213,(anonymous_29)
FN:224,(anonymous_30)
FN:233,(anonymous_31)
FN:236,(anonymous_32)
FN:247,(anonymous_33)
FN:256,(anonymous_34)
FN:259,(anonymous_35)
FN:270,(anonymous_36)
FN:279,(anonymous_37)
FN:282,(anonymous_38)
FN:293,(anonymous_39)
FN:302,(anonymous_40)
FN:305,(anonymous_41)
FN:316,(anonymous_42)
FNF:43
FNH:29
FNDA:2,(anonymous_0)
FNDA:2,(anonymous_1)
FNDA:0,(anonymous_2)
FNDA:2,(anonymous_3)
FNDA:2,(anonymous_4)
FNDA:0,(anonymous_5)
FNDA:2,(anonymous_6)
FNDA:2,(anonymous_7)
FNDA:0,(anonymous_8)
FNDA:2,(anonymous_9)
FNDA:2,(anonymous_10)
FNDA:0,(anonymous_11)
FNDA:2,(anonymous_12)
FNDA:2,(anonymous_13)
FNDA:0,(anonymous_14)
FNDA:2,(anonymous_15)
FNDA:2,(anonymous_16)
FNDA:0,(anonymous_17)
FNDA:2,(anonymous_18)
FNDA:2,(anonymous_19)
FNDA:0,(anonymous_20)
FNDA:1,(anonymous_21)
FNDA:1,(anonymous_22)
FNDA:0,(anonymous_23)
FNDA:1,(anonymous_24)
FNDA:2,(anonymous_25)
FNDA:1,(anonymous_26)
FNDA:0,(anonymous_27)
FNDA:1,(anonymous_28)
FNDA:1,(anonymous_29)
FNDA:0,(anonymous_30)
FNDA:2,(anonymous_31)
FNDA:2,(anonymous_32)
FNDA:0,(anonymous_33)
FNDA:2,(anonymous_34)
FNDA:2,(anonymous_35)
FNDA:0,(anonymous_36)
FNDA:2,(anonymous_37)
FNDA:2,(anonymous_38)
FNDA:0,(anonymous_39)
FNDA:2,(anonymous_40)
FNDA:2,(anonymous_41)
FNDA:0,(anonymous_42)
DA:4,5
DA:7,5
DA:8,2
DA:11,2
DA:12,2
DA:16,0
DA:22,0
DA:30,5
DA:31,2
DA:34,2
DA:40,0
DA:48,5
DA:49,2
DA:52,2
DA:53,0
DA:57,2
DA:63,0
DA:71,5
DA:72,2
DA:75,2
DA:76,0
DA:80,2
DA:86,0
DA:94,5
DA:95,2
DA:98,2
DA:99,0
DA:103,2
DA:109,0
DA:117,5
DA:118,2
DA:121,2
DA:122,0
DA:126,2
DA:132,0
DA:140,5
DA:141,2
DA:144,2
DA:145,0
DA:149,2
DA:155,0
DA:163,5
DA:164,1
DA:167,1
DA:168,0
DA:172,1
DA:178,0
DA:186,5
DA:187,2
DA:188,1
DA:191,1
DA:192,0
DA:196,1
DA:202,0
DA:210,5
DA:211,1
DA:214,1
DA:215,0
DA:219,1
DA:225,0
DA:233,5
DA:234,2
DA:237,2
DA:238,0
DA:242,2
DA:248,0
DA:256,5
DA:257,2
DA:260,2
DA:261,0
DA:265,2
DA:271,0
DA:279,5
DA:280,2
DA:283,2
DA:284,0
DA:288,2
DA:294,0
DA:302,5
DA:303,2
DA:306,2
DA:307,0
DA:311,2
DA:317,0
LF:84
LH:57
BRDA:11,0,0,2
BRDA:11,0,1,0
BRDA:11,1,0,2
BRDA:11,1,1,2
BRDA:52,2,0,0
BRDA:52,2,1,2
BRDA:75,3,0,0
BRDA:75,3,1,2
BRDA:98,4,0,0
BRDA:98,4,1,2
BRDA:121,5,0,0
BRDA:121,5,1,2
BRDA:121,6,0,2
BRDA:121,6,1,2
BRDA:144,7,0,0
BRDA:144,7,1,2
BRDA:144,8,0,2
BRDA:144,8,1,2
BRDA:167,9,0,0
BRDA:167,9,1,1
BRDA:167,10,0,1
BRDA:167,10,1,1
BRDA:191,11,0,0
BRDA:191,11,1,1
BRDA:191,12,0,1
BRDA:191,12,1,1
BRDA:214,13,0,0
BRDA:214,13,1,1
BRDA:214,14,0,1
BRDA:214,14,1,1
BRDA:237,15,0,0
BRDA:237,15,1,2
BRDA:260,16,0,0
BRDA:260,16,1,2
BRDA:283,17,0,0
BRDA:283,17,1,2
BRDA:306,18,0,0
BRDA:306,18,1,2
BRF:38
BRH:25
end_of_record
TN:
SF:backend/ChatFiles/ChatSchema.js
FNF:0
FNH:0
DA:3,5
DA:32,5
LF:2
LH:2
BRF:0
BRH:0
end_of_record
TN:
SF:backend/ChatFiles/ChatServices.js
FN:4,getChats
FN:9,addChat
FN:15,deleteChat
FN:20,updateChat
FN:30,findChatById
FN:35,findChatByName
FN:44,findChatsByCity
FN:49,findChatsByUserID
FN:58,findChatsByInterests
FN:65,findChatsByEvent
FN:74,addUserToChat
FN:81,removeUserFromChat
FN:88,addEventToChat
FN:99,removeEventFromChat
FNF:14
FNH:14
FNDA:2,getChats
FNDA:2,addChat
FNDA:2,deleteChat
FNDA:2,updateChat
FNDA:2,findChatById
FNDA:2,findChatByName
FNDA:2,findChatsByCity
FNDA:1,findChatsByUserID
FNDA:1,findChatsByInterests
FNDA:1,findChatsByEvent
FNDA:2,addUserToChat
FNDA:2,removeUserFromChat
FNDA:2,addEventToChat
FNDA:2,removeEventFromChat
DA:5,2
DA:10,2
DA:11,2
DA:16,2
DA:21,2
DA:31,2
DA:36,2
DA:45,2
DA:50,1
DA:59,1
DA:66,1
DA:75,2
DA:82,2
DA:89,2
DA:100,2
LF:15
LH:15
BRF:0
BRH:0
end_of_record
TN:
SF:backend/CredentialFiles/LoginRoutes.js
FN:6,(anonymous_0)
FN:11,(anonymous_1)
FN:14,(anonymous_2)
FN:19,(anonymous_3)
FN:27,(anonymous_4)
FN:30,(anonymous_5)
FN:37,(anonymous_6)
FN:45,(anonymous_7)
FN:68,(anonymous_8)
FN:71,(anonymous_9)
FN:74,(anonymous_10)
FN:82,(anonymous_11)
FN:85,(anonymous_12)
FN:94,(anonymous_13)
FN:102,(anonymous_14)
FN:105,(anonymous_15)
FN:112,(anonymous_16)
FN:120,(anonymous_17)
FN:123,(anonymous_18)
FN:132,(anonymous_19)
FNF:20
FNH:14
FNDA:0,(anonymous_0)
FNDA:1,(anonymous_1)
FNDA:1,(anonymous_2)
FNDA:1,(anonymous_3)
FNDA:1,(anonymous_4)
FNDA:1,(anonymous_5)
FNDA:0,(anonymous_6)
FNDA:2,(anonymous_7)
FNDA:1,(anonymous_8)
FNDA:1,(anonymous_9)
FNDA:0,(anonymous_10)
FNDA:1,(anonymous_11)
FNDA:1,(anonymous_12)
FNDA:0,(anonymous_13)
FNDA:1,(anonymous_14)
FNDA:1,(anonymous_15)
FNDA:0,(anonymous_16)
FNDA:1,(anonymous_17)
FNDA:1,(anonymous_18)
FNDA:0,(anonymous_19)
DA:4,5
DA:6,5
DA:7,0
DA:11,5
DA:12,1
DA:15,1
DA:16,1
DA:17,1
DA:20,1
DA:27,5
DA:28,1
DA:31,1
DA:32,0
DA:34,1
DA:38,0
DA:45,5
DA:46,2
DA:48,2
DA:49,0
DA:52,2
DA:53,2
DA:55,2
DA:56,1
DA:59,1
DA:63,0
DA:68,5
DA:69,1
DA:72,1
DA:75,0
DA:82,5
DA:83,1
DA:86,1
DA:87,0
DA:89,1
DA:95,0
DA:102,5
DA:103,1
DA:106,1
DA:107,0
DA:109,1
DA:113,0
DA:120,5
DA:121,1
DA:124,1
DA:125,0
DA:129,1
DA:133,0
LF:47
LH:35
BRDA:15,0,0,1
BRDA:15,0,1,0
BRDA:15,1,0,1
BRDA:15,1,1,1
BRDA:31,2,0,0
BRDA:31,2,1,1
BRDA:48,3,0,0
BRDA:48,3,1,2
BRDA:48,4,0,2
BRDA:48,4,1,2
BRDA:55,5,0,1
BRDA:55,5,1,1
BRDA:86,6,0,0
BRDA:86,6,1,1
BRDA:106,7,0,0
BRDA:106,7,1,1
BRDA:124,8,0,0
BRDA:124,8,1,1
BRDA:124,9,0,1
BRDA:124,9,1,1
BRF:20
BRH:14
end_of_record
TN:
SF:backend/CredentialFiles/LoginSchema.js
FN:22,(anonymous_0)
FN:29,(anonymous_1)
FNF:2
FNH:2
FNDA:17,(anonymous_0)
FNDA:4,(anonymous_1)
DA:4,6
DA:22,6
DA:23,17
DA:24,15
DA:25,15
DA:29,6
DA:30,4
DA:33,6
LF:8
LH:8
BRDA:23,0,0,2
BRDA:23,0,1,15
BRF:2
BRH:2
end_of_record
TN:
SF:backend/CredentialFiles/LoginServices.js
FN:4,getLogins
FN:9,addLogin
FN:15,deleteLogin
FN:20,updateLogin
FN:31,findLoginByEmail
FN:36,findLoginById
FN:41,authenticate
FNF:7
FNH:7
FNDA:2,getLogins
FNDA:2,addLogin
FNDA:2,deleteLogin
FNDA:2,updateLogin
FNDA:2,findLoginByEmail
FNDA:2,findLoginById
FNDA:4,authenticate
DA:5,2
DA:10,2
DA:11,2
DA:16,2
DA:21,2
DA:22,2
DA:24,2
DA:25,2
DA:27,2
DA:32,2
DA:37,2
DA:42,4
DA:43,4
DA:45,4
DA:46,4
LF:15
LH:15
BRDA:22,0,0,0
BRDA:22,0,1,2
BRDA:24,1,0,2
BRDA:24,1,1,0
BRDA:25,2,0,0
BRDA:25,2,1,2
BRDA:43,3,0,0
BRDA:43,3,1,4
BRDA:46,4,0,2
BRDA:46,4,1,2
BRF:10
BRH:6
end_of_record
TN:
SF:backend/EventFiles/EventRoutes.js
FN:7,(anonymous_0)
FN:10,(anonymous_1)
FN:22,(anonymous_2)
FN:31,(anonymous_3)
FN:34,(anonymous_4)
FN:46,(anonymous_5)
FN:54,(anonymous_6)
FN:57,(anonymous_7)
FN:63,(anonymous_8)
FN:72,(anonymous_9)
FN:75,(anonymous_10)
FN:87,(anonymous_11)
FN:96,(anonymous_12)
FN:99,(anonymous_13)
FN:111,(anonymous_14)
FN:120,(anonymous_15)
FN:123,(anonymous_16)
FN:135,(anonymous_17)
FN:144,(anonymous_18)
FN:147,(anonymous_19)
FN:159,(anonymous_20)
FN:168,(anonymous_21)
FN:171,(anonymous_22)
FN:183,(anonymous_23)
FN:192,(anonymous_24)
FN:195,(anonymous_25)
FN:207,(anonymous_26)
FN:216,(anonymous_27)
FN:219,(anonymous_28)
FN:231,(anonymous_29)
FN:240,(anonymous_30)
FN:241,(anonymous_31)
FN:245,(anonymous_32)
FN:257,(anonymous_33)
FN:266,(anonymous_34)
FN:267,(anonymous_35)
FN:272,(anonymous_36)
FN:284,(anonymous_37)
FN:293,(anonymous_38)
FN:298,(anonymous_39)
FN:310,(anonymous_40)
FN:319,(anonymous_41)
FN:324,(anonymous_42)
FN:336,(anonymous_43)
FN:345,(anonymous_44)
FN:351,(anonymous_45)
FN:363,(anonymous_46)
FN:372,(anonymous_47)
FN:375,(anonymous_48)
FN:387,(anonymous_49)
FN:396,(anonymous_50)
FN:399,(anonymous_51)
FN:411,(anonymous_52)
FN:420,(anonymous_53)
FN:423,(anonymous_54)
FN:435,(anonymous_55)
FN:444,(anonymous_56)
FN:447,(anonymous_57)
FN:459,(anonymous_58)
FN:468,(anonymous_59)
FN:471,(anonymous_60)
FN:483,(anonymous_61)
FNF:62
FNH:34
FNDA:1,(anonymous_0)
FNDA:1,(anonymous_1)
FNDA:0,(anonymous_2)
FNDA:1,(anonymous_3)
FNDA:1,(anonymous_4)
FNDA:0,(anonymous_5)
FNDA:1,(anonymous_6)
FNDA:1,(anonymous_7)
FNDA:0,(anonymous_8)
FNDA:1,(anonymous_9)
FNDA:1,(anonymous_10)
FNDA:0,(anonymous_11)
FNDA:1,(anonymous_12)
FNDA:1,(anonymous_13)
FNDA:0,(anonymous_14)
FNDA:1,(anonymous_15)
FNDA:1,(anonymous_16)
FNDA:0,(anonymous_17)
FNDA:1,(anonymous_18)
FNDA:1,(anonymous_19)
FNDA:0,(anonymous_20)
FNDA:1,(anonymous_21)
FNDA:1,(anonymous_22)
FNDA:0,(anonymous_23)
FNDA:1,(anonymous_24)
FNDA:1,(anonymous_25)
FNDA:0,(anonymous_26)
FNDA:1,(anonymous_27)
FNDA:1,(anonymous_28)
FNDA:0,(anonymous_29)
FNDA:1,(anonymous_30)
FNDA:2,(anonymous_31)
FNDA:1,(anonymous_32)
FNDA:0,(anonymous_33)
FNDA:1,(anonymous_34)
FNDA:3,(anonymous_35)
FNDA:1,(anonymous_36)
FNDA:0,(anonymous_37)
FNDA:1,(anonymous_38)
FNDA:1,(anonymous_39)
FNDA:0,(anonymous_40)
FNDA:1,(anonymous_41)
FNDA:1,(anonymous_42)
FNDA:0,(anonymous_43)
FNDA:1,(anonymous_44)
FNDA:1,(anonymous_45)
FNDA:0,(anonymous_46)
FNDA:1,(anonymous_47)
FNDA:1,(anonymous_48)
FNDA:0,(anonymous_49)
FNDA:0,(anonymous_50)
FNDA:0,(anonymous_51)
FNDA:0,(anonymous_52)
FNDA:0,(anonymous_53)
FNDA:0,(anonymous_54)
FNDA:0,(anonymous_55)
FNDA:0,(anonymous_56)
FNDA:0,(anonymous_57)
FNDA:0,(anonymous_58)
FNDA:0,(anonymous_59)
FNDA:0,(anonymous_60)
FNDA:0,(anonymous_61)
DA:4,5
DA:7,5
DA:8,1
DA:11,1
DA:12,1
DA:17,0
DA:23,0
DA:31,5
DA:32,1
DA:35,1
DA:36,0
DA:41,1
DA:47,0
DA:54,5
DA:55,1
DA:58,1
DA:64,0
DA:72,5
DA:73,1
DA:76,1
DA:77,0
DA:82,1
DA:88,0
DA:96,5
DA:97,1
DA:100,1
DA:101,0
DA:106,1
DA:112,0
DA:120,5
DA:121,1
DA:124,1
DA:125,0
DA:130,1
DA:136,0
DA:144,5
DA:145,1
DA:148,1
DA:149,0
DA:154,1
DA:160,0
DA:168,5
DA:169,1
DA:172,1
DA:173,0
DA:178,1
DA:184,0
DA:192,5
DA:193,1
DA:196,1
DA:197,0
DA:202,1
DA:208,0
DA:216,5
DA:217,1
DA:220,1
DA:221,0
DA:226,1
DA:232,0
DA:240,5
DA:241,2
DA:243,1
DA:246,1
DA:247,0
DA:252,1
DA:258,0
DA:266,5
DA:267,3
DA:268,1
DA:270,1
DA:273,1
DA:274,0
DA:279,1
DA:285,0
DA:293,5
DA:294,1
DA:296,1
DA:299,1
DA:300,0
DA:305,1
DA:311,0
DA:319,5
DA:320,1
DA:322,1
DA:325,1
DA:326,0
DA:331,1
DA:337,0
DA:345,5
DA:346,1
DA:347,1
DA:349,1
DA:352,1
DA:353,0
DA:358,1
DA:364,0
DA:372,5
DA:373,1
DA:376,1
DA:377,0
DA:382,1
DA:388,0
DA:396,5
DA:397,0
DA:400,0
DA:401,0
DA:406,0
DA:412,0
DA:420,5
DA:421,0
DA:424,0
DA:425,0
DA:430,0
DA:436,0
DA:444,5
DA:445,0
DA:448,0
DA:449,0
DA:454,0
DA:460,0
DA:468,5
DA:469,0
DA:472,0
DA:473,0
DA:478,0
DA:484,0
LF:126
LH:75
BRDA:11,0,0,1
BRDA:11,0,1,0
BRDA:11,1,0,1
BRDA:11,1,1,1
BRDA:35,2,0,0
BRDA:35,2,1,1
BRDA:76,3,0,0
BRDA:76,3,1,1
BRDA:100,4,0,0
BRDA:100,4,1,1
BRDA:124,5,0,0
BRDA:124,5,1,1
BRDA:124,6,0,1
BRDA:124,6,1,1
BRDA:148,7,0,0
BRDA:148,7,1,1
BRDA:148,8,0,1
BRDA:148,8,1,1
BRDA:172,9,0,0
BRDA:172,9,1,1
BRDA:172,10,0,1
BRDA:172,10,1,1
BRDA:196,11,0,0
BRDA:196,11,1,1
BRDA:196,12,0,1
BRDA:196,12,1,1
BRDA:220,13,0,0
BRDA:220,13,1,1
BRDA:220,14,0,1
BRDA:220,14,1,1
BRDA:246,15,0,0
BRDA:246,15,1,1
BRDA:246,16,0,1
BRDA:246,16,1,1
BRDA:273,17,0,0
BRDA:273,17,1,1
BRDA:273,18,0,1
BRDA:273,18,1,1
BRDA:299,19,0,0
BRDA:299,19,1,1
BRDA:325,20,0,0
BRDA:325,20,1,1
BRDA:352,21,0,0
BRDA:352,21,1,1
BRDA:376,22,0,0
BRDA:376,22,1,1
BRDA:376,23,0,1
BRDA:376,23,1,1
BRDA:400,24,0,0
BRDA:400,24,1,0
BRDA:424,25,0,0
BRDA:424,25,1,0
BRDA:448,26,0,0
BRDA:448,26,1,0
BRDA:472,27,0,0
BRDA:472,27,1,0
BRF:56
BRH:33
end_of_record
TN:
SF:backend/EventFiles/EventSchema.js
FNF:0
FNH:0
DA:3,6
DA:67,6
LF:2
LH:2
BRF:0
BRH:0
end_of_record
TN:
SF:backend/EventFiles/EventServices.js
FN:4,getEvents
FN:9,addEvent
FN:15,deleteEvent
FN:20,updateEvent
FN:30,findEventById
FN:35,findEventByName
FN:42,findEventByDescription
FN:49,findEventByMapComponent
FN:56,findEventByAttendee
FN:63,findEventByHost
FN:70,findEventByInterests
FN:77,findEventByLocation
FN:90,findEventByStart
FN:97,findEventByEnd
FN:104,findEventsBetween
FN:114,findEventsBlockingUser
FN:121,addUserToAttendees
FN:132,removeUserFromAttendees
FN:139,addUserToBlocked
FN:150,removeUserFromBlocked
FNF:20
FNH:16
FNDA:1,getEvents
FNDA:2,addEvent
FNDA:2,deleteEvent
FNDA:2,updateEvent
FNDA:2,findEventById
FNDA:2,findEventByName
FNDA:1,findEventByDescription
FNDA:2,findEventByMapComponent
FNDA:2,findEventByAttendee
FNDA:2,findEventByHost
FNDA:2,findEventByInterests
FNDA:2,findEventByLocation
FNDA:1,findEventByStart
FNDA:1,findEventByEnd
FNDA:2,findEventsBetween
FNDA:2,findEventsBlockingUser
FNDA:0,addUserToAttendees
FNDA:0,removeUserFromAttendees
FNDA:0,addUserToBlocked
FNDA:0,removeUserFromBlocked
DA:5,1
DA:10,2
DA:11,2
DA:16,2
DA:21,2
DA:31,2
DA:36,2
DA:43,1
DA:50,2
DA:57,2
DA:64,2
DA:71,2
DA:78,2
DA:91,1
DA:98,1
DA:105,2
DA:115,2
DA:122,0
DA:133,0
DA:140,0
DA:151,0
LF:21
LH:17
BRF:0
BRH:0
end_of_record
TN:
SF:backend/UserFiles/UserRoutes.js
FN:6,(anonymous_0)
FN:11,(anonymous_1)
FN:14,(anonymous_2)
FN:22,(anonymous_3)
FN:31,(anonymous_4)
FN:34,(anonymous_5)
FN:39,(anonymous_6)
FN:48,(anonymous_7)
FN:51,(anonymous_8)
FN:54,(anonymous_9)
FN:63,(anonymous_10)
FN:66,(anonymous_11)
FN:74,(anonymous_12)
FN:82,(anonymous_13)
FN:85,(anonymous_14)
FN:90,(anonymous_15)
FN:98,(anonymous_16)
FN:101,(anonymous_17)
FN:108,(anonymous_18)
FN:116,(anonymous_19)
FN:119,(anonymous_20)
FN:126,(anonymous_21)
FN:134,(anonymous_22)
FN:137,(anonymous_23)
FN:144,(anonymous_24)
FN:152,(anonymous_25)
FN:155,(anonymous_26)
FN:162,(anonymous_27)
FN:170,(anonymous_28)
FN:172,(anonymous_29)
FN:173,(anonymous_30)
FN:181,(anonymous_31)
FN:189,(anonymous_32)
FN:192,(anonymous_33)
FN:199,(anonymous_34)
FN:207,(anonymous_35)
FN:210,(anonymous_36)
FN:213,(anonymous_37)
FN:221,(anonymous_38)
FNF:39
FNH:26
FNDA:0,(anonymous_0)
FNDA:1,(anonymous_1)
FNDA:1,(anonymous_2)
FNDA:0,(anonymous_3)
FNDA:2,(anonymous_4)
FNDA:2,(anonymous_5)
FNDA:0,(anonymous_6)
FNDA:1,(anonymous_7)
FNDA:1,(anonymous_8)
FNDA:0,(anonymous_9)
FNDA:2,(anonymous_10)
FNDA:2,(anonymous_11)
FNDA:0,(anonymous_12)
FNDA:2,(anonymous_13)
FNDA:2,(anonymous_14)
FNDA:0,(anonymous_15)
FNDA:1,(anonymous_16)
FNDA:1,(anonymous_17)
FNDA:0,(anonymous_18)
FNDA:1,(anonymous_19)
FNDA:1,(anonymous_20)
FNDA:0,(anonymous_21)
FNDA:1,(anonymous_22)
FNDA:1,(anonymous_23)
FNDA:0,(anonymous_24)
FNDA:1,(anonymous_25)
FNDA:1,(anonymous_26)
FNDA:0,(anonymous_27)
FNDA:1,(anonymous_28)
FNDA:1,(anonymous_29)
FNDA:1,(anonymous_30)
FNDA:0,(anonymous_31)
FNDA:1,(anonymous_32)
FNDA:1,(anonymous_33)
FNDA:0,(anonymous_34)
FNDA:1,(anonymous_35)
FNDA:3,(anonymous_36)
FNDA:1,(anonymous_37)
FNDA:0,(anonymous_38)
DA:4,5
DA:6,5
DA:7,0
DA:11,5
DA:12,1
DA:15,1
DA:16,1
DA:20,0
DA:23,0
DA:31,5
DA:32,2
DA:35,2
DA:36,1
DA:37,1
DA:40,0
DA:48,5
DA:49,1
DA:52,1
DA:55,0
DA:63,5
DA:64,2
DA:67,2
DA:68,1
DA:70,1
DA:75,0
DA:82,5
DA:83,2
DA:86,2
DA:87,1
DA:88,1
DA:91,0
DA:98,5
DA:99,1
DA:102,1
DA:103,0
DA:106,1
DA:109,0
DA:116,5
DA:117,1
DA:120,1
DA:121,0
DA:124,1
DA:127,0
DA:134,5
DA:135,1
DA:138,1
DA:139,0
DA:142,1
DA:145,0
DA:152,5
DA:153,1
DA:156,1
DA:157,0
DA:160,1
DA:163,0
DA:170,5
DA:171,1
DA:172,1
DA:174,1
DA:175,0
DA:179,1
DA:182,0
DA:189,5
DA:190,1
DA:193,1
DA:194,0
DA:197,1
DA:200,0
DA:207,5
DA:208,1
DA:210,3
DA:211,1
DA:214,1
DA:215,0
DA:219,1
DA:222,0
LF:76
LH:55
BRDA:15,0,0,1
BRDA:15,0,1,0
BRDA:15,1,0,1
BRDA:15,1,1,1
BRDA:35,2,0,1
BRDA:35,2,1,1
BRDA:67,3,0,1
BRDA:67,3,1,1
BRDA:86,4,0,1
BRDA:86,4,1,1
BRDA:102,5,0,0
BRDA:102,5,1,1
BRDA:102,6,0,1
BRDA:102,6,1,1
BRDA:120,7,0,0
BRDA:120,7,1,1
BRDA:120,8,0,1
BRDA:120,8,1,1
BRDA:138,9,0,0
BRDA:138,9,1,1
BRDA:138,10,0,1
BRDA:138,10,1,1
BRDA:156,11,0,0
BRDA:156,11,1,1
BRDA:156,12,0,1
BRDA:156,12,1,1
BRDA:174,13,0,0
BRDA:174,13,1,1
BRDA:174,14,0,1
BRDA:174,14,1,1
BRDA:193,15,0,0
BRDA:193,15,1,1
BRDA:193,16,0,1
BRDA:193,16,1,1
BRDA:214,17,0,0
BRDA:214,17,1,1
BRDA:214,18,0,1
BRDA:214,18,1,1
BRF:38
BRH:30
end_of_record
TN:
SF:backend/UserFiles/UserSchema.js
FNF:0
FNH:0
DA:3,6
DA:55,6
LF:2
LH:2
BRF:0
BRH:0
end_of_record
TN:
SF:backend/UserFiles/UserServices.js
FN:4,getUsers
FN:9,addUser
FN:15,deleteUser
FN:20,updateUser
FN:28,findUserById
FN:32,findUserByName
FN:36,findUserByEmail
FN:40,findUserByPhoneNumber
FN:44,findUserByAge
FN:48,findUserByGender
FN:52,findUserByInterests
FN:56,findUserByRadius
FN:60,findUserByLocation
FNF:13
FNH:13
FNDA:2,getUsers
FNDA:2,addUser
FNDA:3,deleteUser
FNDA:3,updateUser
FNDA:3,findUserById
FNDA:2,findUserByName
FNDA:2,findUserByEmail
FNDA:1,findUserByPhoneNumber
FNDA:2,findUserByAge
FNDA:2,findUserByGender
FNDA:2,findUserByInterests
FNDA:2,findUserByRadius
FNDA:2,findUserByLocation
DA:5,2
DA:10,2
DA:11,2
DA:16,3
DA:21,3
DA:29,3
DA:33,2
DA:37,2
DA:41,1
DA:45,2
DA:49,2
DA:53,2
DA:57,2
DA:61,2
LF:14
LH:14
BRF:0
BRH:0
end_of_record
